{"/home/travis/build/npmtest/node-npmtest-react-widgets/test.js":{"path":"/home/travis/build/npmtest/node-npmtest-react-widgets/test.js","s":{"1":2,"2":2,"3":2,"4":2,"5":2,"6":2,"7":2,"8":1,"9":2,"10":2,"11":1,"12":1,"13":1,"14":1,"15":2,"16":2,"17":2,"18":2,"19":1,"20":1,"21":2,"22":2,"23":2,"24":1,"25":1,"26":1,"27":1,"28":1,"29":1,"30":1,"31":1,"32":1,"33":1,"34":1,"35":1,"36":1,"37":1,"38":1,"39":2,"40":2,"41":1,"42":2,"43":2,"44":1,"45":2,"46":2,"47":1,"48":2,"49":2,"50":1,"51":1,"52":1,"53":1,"54":1},"b":{"1":[2,1,1,1],"2":[1,1,1,1],"3":[1,1],"4":[1,1],"5":[1,1],"6":[1,1],"7":[1,1],"8":[1,1],"9":[1,1],"10":[1,1,1],"11":[1,1],"12":[1,1],"13":[1,1],"14":[1,1],"15":[1,1],"16":[1,1],"17":[1,1]},"f":{"1":2,"2":2,"3":2,"4":2,"5":2,"6":1,"7":1,"8":1,"9":2,"10":2,"11":2,"12":2,"13":1},"fnMap":{"1":{"name":"(anonymous_1)","line":12,"loc":{"start":{"line":12,"column":1},"end":{"line":12,"column":13}}},"2":{"name":"(anonymous_2)","line":19,"loc":{"start":{"line":19,"column":5},"end":{"line":19,"column":17}}},"3":{"name":"(anonymous_3)","line":23,"loc":{"start":{"line":23,"column":24},"end":{"line":23,"column":36}}},"4":{"name":"(anonymous_4)","line":61,"loc":{"start":{"line":61,"column":5},"end":{"line":61,"column":17}}},"5":{"name":"(anonymous_5)","line":82,"loc":{"start":{"line":82,"column":5},"end":{"line":82,"column":17}}},"6":{"name":"(anonymous_6)","line":91,"loc":{"start":{"line":91,"column":77},"end":{"line":94,"column":10}}},"7":{"name":"(anonymous_7)","line":112,"loc":{"start":{"line":112,"column":83},"end":{"line":115,"column":10}},"skip":true},"8":{"name":"(anonymous_8)","line":123,"loc":{"start":{"line":123,"column":77},"end":{"line":126,"column":10}},"skip":true},"9":{"name":"(anonymous_9)","line":139,"loc":{"start":{"line":139,"column":12},"end":{"line":139,"column":40}},"skip":true},"10":{"name":"(anonymous_10)","line":147,"loc":{"start":{"line":147,"column":77},"end":{"line":150,"column":10}},"skip":true},"11":{"name":"(anonymous_11)","line":158,"loc":{"start":{"line":158,"column":83},"end":{"line":161,"column":10}},"skip":true},"12":{"name":"(anonymous_12)","line":169,"loc":{"start":{"line":169,"column":79},"end":{"line":172,"column":10}},"skip":true},"13":{"name":"(anonymous_13)","line":180,"loc":{"start":{"line":180,"column":75},"end":{"line":183,"column":10}},"skip":true}},"statementMap":{"1":{"start":{"line":12,"column":0},"end":{"line":195,"column":5}},"2":{"start":{"line":14,"column":4},"end":{"line":14,"column":14}},"3":{"start":{"line":19,"column":4},"end":{"line":56,"column":9}},"4":{"start":{"line":21,"column":8},"end":{"line":21,"column":19}},"5":{"start":{"line":23,"column":8},"end":{"line":35,"column":13}},"6":{"start":{"line":24,"column":12},"end":{"line":34,"column":13}},"7":{"start":{"line":25,"column":16},"end":{"line":28,"column":30}},"8":{"start":{"line":30,"column":16},"end":{"line":33,"column":27}},"9":{"start":{"line":37,"column":8},"end":{"line":39,"column":21}},"10":{"start":{"line":40,"column":8},"end":{"line":53,"column":9}},"11":{"start":{"line":43,"column":12},"end":{"line":46,"column":14}},"12":{"start":{"line":47,"column":12},"end":{"line":47,"column":18}},"13":{"start":{"line":50,"column":12},"end":{"line":51,"column":33}},"14":{"start":{"line":52,"column":12},"end":{"line":52,"column":18}},"15":{"start":{"line":55,"column":8},"end":{"line":55,"column":35}},"16":{"start":{"line":61,"column":4},"end":{"line":63,"column":9}},"17":{"start":{"line":62,"column":8},"end":{"line":62,"column":15}},"18":{"start":{"line":64,"column":4},"end":{"line":77,"column":5}},"19":{"start":{"line":70,"column":8},"end":{"line":70,"column":14}},"20":{"start":{"line":76,"column":8},"end":{"line":76,"column":14}},"21":{"start":{"line":82,"column":4},"end":{"line":84,"column":9}},"22":{"start":{"line":83,"column":8},"end":{"line":83,"column":15}},"23":{"start":{"line":85,"column":4},"end":{"line":194,"column":5}},"24":{"start":{"line":91,"column":8},"end":{"line":99,"column":10}},"25":{"start":{"line":98,"column":12},"end":{"line":98,"column":35}},"26":{"start":{"line":102,"column":8},"end":{"line":104,"column":63}},"27":{"start":{"line":105,"column":8},"end":{"line":105,"column":14}},"28":{"start":{"line":112,"column":8},"end":{"line":121,"column":10},"skip":true},"29":{"start":{"line":119,"column":12},"end":{"line":119,"column":55},"skip":true},"30":{"start":{"line":120,"column":12},"end":{"line":120,"column":48},"skip":true},"31":{"start":{"line":123,"column":8},"end":{"line":136,"column":10},"skip":true},"32":{"start":{"line":130,"column":12},"end":{"line":130,"column":76},"skip":true},"33":{"start":{"line":131,"column":12},"end":{"line":131,"column":73},"skip":true},"34":{"start":{"line":132,"column":12},"end":{"line":132,"column":74},"skip":true},"35":{"start":{"line":133,"column":12},"end":{"line":133,"column":79},"skip":true},"36":{"start":{"line":134,"column":12},"end":{"line":134,"column":25},"skip":true},"37":{"start":{"line":135,"column":12},"end":{"line":135,"column":45},"skip":true},"38":{"start":{"line":138,"column":8},"end":{"line":145,"column":14},"skip":true},"39":{"start":{"line":143,"column":16},"end":{"line":143,"column":29},"skip":true},"40":{"start":{"line":144,"column":16},"end":{"line":144,"column":55},"skip":true},"41":{"start":{"line":147,"column":8},"end":{"line":156,"column":10},"skip":true},"42":{"start":{"line":154,"column":12},"end":{"line":154,"column":25},"skip":true},"43":{"start":{"line":155,"column":12},"end":{"line":155,"column":45},"skip":true},"44":{"start":{"line":158,"column":8},"end":{"line":167,"column":10},"skip":true},"45":{"start":{"line":165,"column":12},"end":{"line":165,"column":25},"skip":true},"46":{"start":{"line":166,"column":12},"end":{"line":166,"column":48},"skip":true},"47":{"start":{"line":169,"column":8},"end":{"line":178,"column":10},"skip":true},"48":{"start":{"line":176,"column":12},"end":{"line":176,"column":25},"skip":true},"49":{"start":{"line":177,"column":12},"end":{"line":177,"column":46},"skip":true},"50":{"start":{"line":180,"column":8},"end":{"line":189,"column":10},"skip":true},"51":{"start":{"line":187,"column":12},"end":{"line":187,"column":94},"skip":true},"52":{"start":{"line":188,"column":12},"end":{"line":188,"column":48},"skip":true},"53":{"start":{"line":192,"column":8},"end":{"line":192,"column":35},"skip":true},"54":{"start":{"line":193,"column":8},"end":{"line":193,"column":14},"skip":true}},"branchMap":{"1":{"line":25,"type":"binary-expr","locations":[{"start":{"line":25,"column":23},"end":{"line":25,"column":62}},{"start":{"line":26,"column":20},"end":{"line":26,"column":70}},{"start":{"line":27,"column":20},"end":{"line":27,"column":71}},{"start":{"line":28,"column":20},"end":{"line":28,"column":29}}]},"2":{"line":30,"type":"binary-expr","locations":[{"start":{"line":30,"column":23},"end":{"line":30,"column":37}},{"start":{"line":31,"column":20},"end":{"line":31,"column":61}},{"start":{"line":32,"column":20},"end":{"line":32,"column":70}},{"start":{"line":33,"column":20},"end":{"line":33,"column":26}}]},"3":{"line":37,"type":"cond-expr","locations":[{"start":{"line":38,"column":14},"end":{"line":38,"column":20}},{"start":{"line":39,"column":14},"end":{"line":39,"column":20}}]},"4":{"line":40,"type":"switch","locations":[{"start":{"line":42,"column":8},"end":{"line":47,"column":18}},{"start":{"line":49,"column":8},"end":{"line":52,"column":18}}]},"5":{"line":44,"type":"binary-expr","locations":[{"start":{"line":44,"column":16},"end":{"line":44,"column":44}},{"start":{"line":44,"column":48},"end":{"line":44,"column":66}}]},"6":{"line":50,"type":"binary-expr","locations":[{"start":{"line":50,"column":21},"end":{"line":50,"column":49}},{"start":{"line":50,"column":53},"end":{"line":50,"column":72}}]},"7":{"line":64,"type":"switch","locations":[{"start":{"line":69,"column":4},"end":{"line":70,"column":14}},{"start":{"line":75,"column":4},"end":{"line":76,"column":14}}]},"8":{"line":85,"type":"switch","locations":[{"start":{"line":90,"column":4},"end":{"line":105,"column":14}},{"start":{"line":111,"column":4},"end":{"line":193,"column":14},"skip":true}]},"9":{"line":91,"type":"binary-expr","locations":[{"start":{"line":91,"column":42},"end":{"line":91,"column":73}},{"start":{"line":91,"column":77},"end":{"line":99,"column":9}}]},"10":{"line":102,"type":"binary-expr","locations":[{"start":{"line":102,"column":18},"end":{"line":102,"column":32}},{"start":{"line":103,"column":12},"end":{"line":103,"column":53}},{"start":{"line":104,"column":12},"end":{"line":104,"column":61}}]},"11":{"line":112,"type":"binary-expr","locations":[{"start":{"line":112,"column":45},"end":{"line":112,"column":79},"skip":true},{"start":{"line":112,"column":83},"end":{"line":121,"column":9},"skip":true}]},"12":{"line":123,"type":"binary-expr","locations":[{"start":{"line":123,"column":42},"end":{"line":123,"column":73},"skip":true},{"start":{"line":123,"column":77},"end":{"line":136,"column":9},"skip":true}]},"13":{"line":138,"type":"binary-expr","locations":[{"start":{"line":138,"column":48},"end":{"line":138,"column":85},"skip":true},{"start":{"line":139,"column":12},"end":{"line":145,"column":13},"skip":true}]},"14":{"line":147,"type":"binary-expr","locations":[{"start":{"line":147,"column":42},"end":{"line":147,"column":73},"skip":true},{"start":{"line":147,"column":77},"end":{"line":156,"column":9},"skip":true}]},"15":{"line":158,"type":"binary-expr","locations":[{"start":{"line":158,"column":45},"end":{"line":158,"column":79},"skip":true},{"start":{"line":158,"column":83},"end":{"line":167,"column":9},"skip":true}]},"16":{"line":169,"type":"binary-expr","locations":[{"start":{"line":169,"column":43},"end":{"line":169,"column":75},"skip":true},{"start":{"line":169,"column":79},"end":{"line":178,"column":9},"skip":true}]},"17":{"line":180,"type":"binary-expr","locations":[{"start":{"line":180,"column":41},"end":{"line":180,"column":71},"skip":true},{"start":{"line":180,"column":75},"end":{"line":189,"column":9},"skip":true}]}},"code":["/* istanbul instrument in package npmtest_react_widgets */","/*jslint","    bitwise: true,","    browser: true,","    maxerr: 8,","    maxlen: 96,","    node: true,","    nomen: true,","    regexp: true,","    stupid: true","*/","(function () {","    'use strict';","    var local;","","","","    // run shared js-env code - init-before","    (function () {","        // init local","        local = {};","        // init modeJs","        local.modeJs = (function () {","            try {","                return typeof navigator.userAgent === 'string' &&","                    typeof document.querySelector('body') === 'object' &&","                    typeof XMLHttpRequest.prototype.open === 'function' &&","                    'browser';","            } catch (errorCaughtBrowser) {","                return module.exports &&","                    typeof process.versions.node === 'string' &&","                    typeof require('http').createServer === 'function' &&","                    'node';","            }","        }());","        // init global","        local.global = local.modeJs === 'browser'","            ? window","            : global;","        switch (local.modeJs) {","        // re-init local from window.local","        case 'browser':","            local = local.global.utility2.objectSetDefault(","                local.global.utility2_rollup || local.global.local,","                local.global.utility2","            );","            break;","        // re-init local from example.js","        case 'node':","            local = (local.global.utility2_rollup || require('utility2'))","                .requireReadme();","            break;","        }","        // export local","        local.global.local = local;","    }());","","","","    // run shared js-env code - function","    (function () {","        return;","    }());","    switch (local.modeJs) {","","","","    // run browser js-env code - function","    case 'browser':","        break;","","","","    // run node js-env code - function","    case 'node':","        break;","    }","","","","    // run shared js-env code - init-after","    (function () {","        return;","    }());","    switch (local.modeJs) {","","","","    // run browser js-env code - init-after","    case 'browser':","        local.testCase_browser_nullCase = local.testCase_browser_nullCase || function (","            options,","            onError","        ) {","        /*","         * this function will test browsers's null-case handling-behavior-behavior","         */","            onError(null, options);","        };","","        // run tests","        local.nop(local.modeTest &&","            document.querySelector('#testRunButton1') &&","            document.querySelector('#testRunButton1').click());","        break;","","","","    // run node js-env code - init-after","    /* istanbul ignore next */","    case 'node':","        local.testCase_buildApidoc_default = local.testCase_buildApidoc_default || function (","            options,","            onError","        ) {","        /*","         * this function will test buildApidoc's default handling-behavior-behavior","         */","            options = { modulePathList: module.paths };","            local.buildApidoc(options, onError);","        };","","        local.testCase_buildApp_default = local.testCase_buildApp_default || function (","            options,","            onError","        ) {","        /*","         * this function will test buildApp's default handling-behavior-behavior","         */","            local.testCase_buildReadme_default(options, local.onErrorThrow);","            local.testCase_buildLib_default(options, local.onErrorThrow);","            local.testCase_buildTest_default(options, local.onErrorThrow);","            local.testCase_buildCustomOrg_default(options, local.onErrorThrow);","            options = [];","            local.buildApp(options, onError);","        };","","        local.testCase_buildCustomOrg_default = local.testCase_buildCustomOrg_default ||","            function (options, onError) {","            /*","             * this function will test buildCustomOrg's default handling-behavior","             */","                options = {};","                local.buildCustomOrg(options, onError);","            };","","        local.testCase_buildLib_default = local.testCase_buildLib_default || function (","            options,","            onError","        ) {","        /*","         * this function will test buildLib's default handling-behavior","         */","            options = {};","            local.buildLib(options, onError);","        };","","        local.testCase_buildReadme_default = local.testCase_buildReadme_default || function (","            options,","            onError","        ) {","        /*","         * this function will test buildReadme's default handling-behavior-behavior","         */","            options = {};","            local.buildReadme(options, onError);","        };","","        local.testCase_buildTest_default = local.testCase_buildTest_default || function (","            options,","            onError","        ) {","        /*","         * this function will test buildTest's default handling-behavior","         */","            options = {};","            local.buildTest(options, onError);","        };","","        local.testCase_webpage_default = local.testCase_webpage_default || function (","            options,","            onError","        ) {","        /*","         * this function will test webpage's default handling-behavior","         */","            options = { modeCoverageMerge: true, url: local.serverLocalHost + '?modeTest=1' };","            local.browserTest(options, onError);","        };","","        // run test-server","        local.testRunServer(local);","        break;","    }","}());",""],"l":{"12":2,"14":2,"19":2,"21":2,"23":2,"24":2,"25":2,"30":1,"37":2,"40":2,"43":1,"47":1,"50":1,"52":1,"55":2,"61":2,"62":2,"64":2,"70":1,"76":1,"82":2,"83":2,"85":2,"91":1,"98":1,"102":1,"105":1,"112":1,"119":1,"120":1,"123":1,"130":1,"131":1,"132":1,"133":1,"134":1,"135":1,"138":1,"143":2,"144":2,"147":1,"154":2,"155":2,"158":1,"165":2,"166":2,"169":1,"176":2,"177":2,"180":1,"187":1,"188":1,"192":1,"193":1}},"/home/travis/build/npmtest/node-npmtest-react-widgets/lib.npmtest_react_widgets.js":{"path":"/home/travis/build/npmtest/node-npmtest-react-widgets/lib.npmtest_react_widgets.js","s":{"1":2,"2":2,"3":2,"4":2,"5":2,"6":2,"7":2,"8":1,"9":2,"10":2,"11":2,"12":2,"13":1,"14":1,"15":1,"16":1},"b":{"1":[2,1,1,1],"2":[1,1,1,1],"3":[1,1],"4":[2,2],"5":[1,1]},"f":{"1":2,"2":2,"3":2},"fnMap":{"1":{"name":"(anonymous_1)","line":12,"loc":{"start":{"line":12,"column":1},"end":{"line":12,"column":13}}},"2":{"name":"(anonymous_2)","line":19,"loc":{"start":{"line":19,"column":5},"end":{"line":19,"column":17}}},"3":{"name":"(anonymous_3)","line":23,"loc":{"start":{"line":23,"column":24},"end":{"line":23,"column":36}}}},"statementMap":{"1":{"start":{"line":12,"column":0},"end":{"line":53,"column":5}},"2":{"start":{"line":14,"column":4},"end":{"line":14,"column":14}},"3":{"start":{"line":19,"column":4},"end":{"line":52,"column":9}},"4":{"start":{"line":21,"column":8},"end":{"line":21,"column":19}},"5":{"start":{"line":23,"column":8},"end":{"line":35,"column":13}},"6":{"start":{"line":24,"column":12},"end":{"line":34,"column":13}},"7":{"start":{"line":25,"column":16},"end":{"line":28,"column":30}},"8":{"start":{"line":30,"column":16},"end":{"line":33,"column":27}},"9":{"start":{"line":37,"column":8},"end":{"line":39,"column":21}},"10":{"start":{"line":41,"column":8},"end":{"line":41,"column":54}},"11":{"start":{"line":43,"column":8},"end":{"line":43,"column":58}},"12":{"start":{"line":45,"column":8},"end":{"line":51,"column":9}},"13":{"start":{"line":46,"column":12},"end":{"line":46,"column":64}},"14":{"start":{"line":48,"column":12},"end":{"line":48,"column":35}},"15":{"start":{"line":49,"column":12},"end":{"line":49,"column":49}},"16":{"start":{"line":50,"column":12},"end":{"line":50,"column":43}}},"branchMap":{"1":{"line":25,"type":"binary-expr","locations":[{"start":{"line":25,"column":23},"end":{"line":25,"column":62}},{"start":{"line":26,"column":20},"end":{"line":26,"column":70}},{"start":{"line":27,"column":20},"end":{"line":27,"column":71}},{"start":{"line":28,"column":20},"end":{"line":28,"column":29}}]},"2":{"line":30,"type":"binary-expr","locations":[{"start":{"line":30,"column":23},"end":{"line":30,"column":37}},{"start":{"line":31,"column":20},"end":{"line":31,"column":61}},{"start":{"line":32,"column":20},"end":{"line":32,"column":70}},{"start":{"line":33,"column":20},"end":{"line":33,"column":26}}]},"3":{"line":37,"type":"cond-expr","locations":[{"start":{"line":38,"column":14},"end":{"line":38,"column":20}},{"start":{"line":39,"column":14},"end":{"line":39,"column":20}}]},"4":{"line":41,"type":"binary-expr","locations":[{"start":{"line":41,"column":16},"end":{"line":41,"column":44}},{"start":{"line":41,"column":48},"end":{"line":41,"column":53}}]},"5":{"line":45,"type":"if","locations":[{"start":{"line":45,"column":8},"end":{"line":45,"column":8}},{"start":{"line":45,"column":8},"end":{"line":45,"column":8}}]}},"code":["/* istanbul instrument in package npmtest_react_widgets */","/*jslint","    bitwise: true,","    browser: true,","    maxerr: 8,","    maxlen: 96,","    node: true,","    nomen: true,","    regexp: true,","    stupid: true","*/","(function () {","    'use strict';","    var local;","","","","    // run shared js-env code - init-before","    (function () {","        // init local","        local = {};","        // init modeJs","        local.modeJs = (function () {","            try {","                return typeof navigator.userAgent === 'string' &&","                    typeof document.querySelector('body') === 'object' &&","                    typeof XMLHttpRequest.prototype.open === 'function' &&","                    'browser';","            } catch (errorCaughtBrowser) {","                return module.exports &&","                    typeof process.versions.node === 'string' &&","                    typeof require('http').createServer === 'function' &&","                    'node';","            }","        }());","        // init global","        local.global = local.modeJs === 'browser'","            ? window","            : global;","        // init utility2_rollup","        local = local.global.utility2_rollup || local;","        // init lib","        local.local = local.npmtest_react_widgets = local;","        // init exports","        if (local.modeJs === 'browser') {","            local.global.utility2_npmtest_react_widgets = local;","        } else {","            module.exports = local;","            module.exports.__dirname = __dirname;","            module.exports.module = module;","        }","    }());","}());",""],"l":{"12":2,"14":2,"19":2,"21":2,"23":2,"24":2,"25":2,"30":1,"37":2,"41":2,"43":2,"45":2,"46":1,"48":1,"49":1,"50":1}},"/home/travis/build/npmtest/node-npmtest-react-widgets/example.js":{"path":"/home/travis/build/npmtest/node-npmtest-react-widgets/example.js","s":{"1":2,"2":2,"3":2,"4":2,"5":2,"6":2,"7":2,"8":1,"9":2,"10":2,"11":2,"12":2,"13":1,"14":2,"15":2,"16":2,"17":2,"18":2,"19":0,"20":2,"21":1,"22":1,"23":1,"24":1,"25":1,"26":0,"27":0,"28":1,"29":1,"30":2,"31":0,"32":0,"33":0,"34":1,"35":2,"36":2,"37":3,"38":3,"39":3,"40":3,"41":0,"42":3,"43":3,"44":3,"45":1,"46":3,"47":1,"48":1,"49":1,"50":1,"51":1,"52":1,"53":1,"54":1,"55":1,"56":1,"57":0,"58":1,"59":6,"60":6,"61":1,"62":2,"63":0,"64":2,"65":1,"66":1,"67":0,"68":0,"69":0,"70":0,"71":0,"72":0,"73":0,"74":0,"75":0,"76":0,"77":0,"78":0,"79":0,"80":0,"81":0,"82":0,"83":0},"b":{"1":[2,1,1,1],"2":[1,1,1,1],"3":[1,1],"4":[2,2],"5":[1,1],"6":[1,1],"7":[2,0],"8":[2,1,1,1,1,1],"9":[0,2,0],"10":[1,1],"11":[2,1,1],"12":[1,0],"13":[0,2],"14":[2,0,0,0,0,0,0],"15":[0,3],"16":[3,0],"17":[1,1],"18":[0,1],"19":[1,2,0,2],"20":[1,0],"21":[1,1],"22":[0,0],"23":[0,0],"24":[0,0],"25":[0,0],"26":[0,0],"27":[0,0],"28":[0,0]},"f":{"1":2,"2":2,"3":2,"4":2,"5":2,"6":2,"7":3,"8":3,"9":3,"10":1,"11":6,"12":0},"fnMap":{"1":{"name":"(anonymous_1)","line":26,"loc":{"start":{"line":26,"column":1},"end":{"line":26,"column":13}}},"2":{"name":"(anonymous_2)","line":33,"loc":{"start":{"line":33,"column":5},"end":{"line":33,"column":17}}},"3":{"name":"(anonymous_3)","line":37,"loc":{"start":{"line":37,"column":24},"end":{"line":37,"column":36}}},"4":{"name":"(anonymous_4)","line":69,"loc":{"start":{"line":69,"column":31},"end":{"line":69,"column":48}},"skip":true},"5":{"name":"(anonymous_5)","line":78,"loc":{"start":{"line":78,"column":26},"end":{"line":78,"column":45}},"skip":true},"6":{"name":"(anonymous_6)","line":123,"loc":{"start":{"line":123,"column":33},"end":{"line":123,"column":48}},"skip":true},"7":{"name":"(anonymous_7)","line":125,"loc":{"start":{"line":125,"column":27},"end":{"line":125,"column":39}},"skip":true},"8":{"name":"(anonymous_8)","line":133,"loc":{"start":{"line":133,"column":59},"end":{"line":133,"column":74}},"skip":true},"9":{"name":"(anonymous_9)","line":143,"loc":{"start":{"line":143,"column":45},"end":{"line":143,"column":62}},"skip":true},"10":{"name":"(anonymous_10)","line":144,"loc":{"start":{"line":144,"column":73},"end":{"line":144,"column":92}},"skip":true},"11":{"name":"(anonymous_11)","line":272,"loc":{"start":{"line":272,"column":51},"end":{"line":272,"column":77}},"skip":true},"12":{"name":"(anonymous_12)","line":315,"loc":{"start":{"line":315,"column":32},"end":{"line":315,"column":61}},"skip":true}},"statementMap":{"1":{"start":{"line":26,"column":0},"end":{"line":326,"column":5}},"2":{"start":{"line":28,"column":4},"end":{"line":28,"column":14}},"3":{"start":{"line":33,"column":4},"end":{"line":60,"column":9}},"4":{"start":{"line":35,"column":8},"end":{"line":35,"column":19}},"5":{"start":{"line":37,"column":8},"end":{"line":49,"column":13}},"6":{"start":{"line":38,"column":12},"end":{"line":48,"column":13}},"7":{"start":{"line":39,"column":16},"end":{"line":42,"column":30}},"8":{"start":{"line":44,"column":16},"end":{"line":47,"column":27}},"9":{"start":{"line":51,"column":8},"end":{"line":53,"column":21}},"10":{"start":{"line":55,"column":8},"end":{"line":57,"column":45}},"11":{"start":{"line":59,"column":8},"end":{"line":59,"column":35}},"12":{"start":{"line":61,"column":4},"end":{"line":325,"column":5}},"13":{"start":{"line":69,"column":8},"end":{"line":121,"column":10},"skip":true},"14":{"start":{"line":70,"column":12},"end":{"line":88,"column":13},"skip":true},"15":{"start":{"line":76,"column":16},"end":{"line":87,"column":19},"skip":true},"16":{"start":{"line":79,"column":20},"end":{"line":86,"column":21},"skip":true},"17":{"start":{"line":82,"column":24},"end":{"line":82,"column":43},"skip":true},"18":{"start":{"line":83,"column":24},"end":{"line":83,"column":30},"skip":true},"19":{"start":{"line":85,"column":24},"end":{"line":85,"column":49},"skip":true},"20":{"start":{"line":89,"column":12},"end":{"line":107,"column":13},"skip":true},"21":{"start":{"line":92,"column":16},"end":{"line":102,"column":17},"skip":true},"22":{"start":{"line":93,"column":20},"end":{"line":93,"column":86},"skip":true},"23":{"start":{"line":94,"column":20},"end":{"line":95,"column":45},"skip":true},"24":{"start":{"line":96,"column":20},"end":{"line":96,"column":42},"skip":true},"25":{"start":{"line":97,"column":20},"end":{"line":97,"column":48},"skip":true},"26":{"start":{"line":100,"column":20},"end":{"line":100,"column":85},"skip":true},"27":{"start":{"line":101,"column":20},"end":{"line":101,"column":96},"skip":true},"28":{"start":{"line":103,"column":16},"end":{"line":103,"column":22},"skip":true},"29":{"start":{"line":106,"column":16},"end":{"line":106,"column":22},"skip":true},"30":{"start":{"line":108,"column":12},"end":{"line":120,"column":13},"skip":true},"31":{"start":{"line":114,"column":16},"end":{"line":119,"column":17},"skip":true},"32":{"start":{"line":116,"column":20},"end":{"line":116,"column":78},"skip":true},"33":{"start":{"line":118,"column":20},"end":{"line":118,"column":47},"skip":true},"34":{"start":{"line":123,"column":8},"end":{"line":141,"column":11},"skip":true},"35":{"start":{"line":124,"column":12},"end":{"line":124,"column":54},"skip":true},"36":{"start":{"line":125,"column":12},"end":{"line":140,"column":14},"skip":true},"37":{"start":{"line":126,"column":16},"end":{"line":126,"column":28},"skip":true},"38":{"start":{"line":127,"column":16},"end":{"line":127,"column":69},"skip":true},"39":{"start":{"line":128,"column":16},"end":{"line":128,"column":75},"skip":true},"40":{"start":{"line":129,"column":16},"end":{"line":131,"column":17},"skip":true},"41":{"start":{"line":130,"column":20},"end":{"line":130,"column":27},"skip":true},"42":{"start":{"line":133,"column":16},"end":{"line":137,"column":36},"skip":true},"43":{"start":{"line":134,"column":20},"end":{"line":136,"column":55},"skip":true},"44":{"start":{"line":139,"column":16},"end":{"line":139,"column":57},"skip":true},"45":{"start":{"line":143,"column":8},"end":{"line":147,"column":11},"skip":true},"46":{"start":{"line":144,"column":12},"end":{"line":146,"column":15},"skip":true},"47":{"start":{"line":145,"column":16},"end":{"line":145,"column":70},"skip":true},"48":{"start":{"line":149,"column":8},"end":{"line":149,"column":31},"skip":true},"49":{"start":{"line":150,"column":8},"end":{"line":150,"column":14},"skip":true},"50":{"start":{"line":158,"column":8},"end":{"line":158,"column":31},"skip":true},"51":{"start":{"line":160,"column":8},"end":{"line":160,"column":33},"skip":true},"52":{"start":{"line":161,"column":8},"end":{"line":161,"column":37},"skip":true},"53":{"start":{"line":162,"column":8},"end":{"line":162,"column":35},"skip":true},"54":{"start":{"line":164,"column":8},"end":{"line":164,"column":50},"skip":true},"55":{"start":{"line":166,"column":8},"end":{"line":256,"column":2},"skip":true},"56":{"start":{"line":258,"column":8},"end":{"line":286,"column":9},"skip":true},"57":{"start":{"line":259,"column":12},"end":{"line":269,"column":14},"skip":true},"58":{"start":{"line":271,"column":12},"end":{"line":285,"column":19},"skip":true},"59":{"start":{"line":274,"column":20},"end":{"line":274,"column":35},"skip":true},"60":{"start":{"line":275,"column":20},"end":{"line":284,"column":21},"skip":true},"61":{"start":{"line":277,"column":24},"end":{"line":277,"column":64},"skip":true},"62":{"start":{"line":279,"column":24},"end":{"line":279,"column":40},"skip":true},"63":{"start":{"line":281,"column":24},"end":{"line":281,"column":40},"skip":true},"64":{"start":{"line":283,"column":24},"end":{"line":283,"column":39},"skip":true},"65":{"start":{"line":288,"column":8},"end":{"line":290,"column":9},"skip":true},"66":{"start":{"line":289,"column":12},"end":{"line":289,"column":18},"skip":true},"67":{"start":{"line":291,"column":8},"end":{"line":293,"column":54},"skip":true},"68":{"start":{"line":296,"column":8},"end":{"line":301,"column":37},"skip":true},"69":{"start":{"line":303,"column":8},"end":{"line":303,"column":82},"skip":true},"70":{"start":{"line":306,"column":8},"end":{"line":308,"column":9},"skip":true},"71":{"start":{"line":307,"column":12},"end":{"line":307,"column":82},"skip":true},"72":{"start":{"line":310,"column":8},"end":{"line":312,"column":9},"skip":true},"73":{"start":{"line":311,"column":12},"end":{"line":311,"column":18},"skip":true},"74":{"start":{"line":313,"column":8},"end":{"line":313,"column":54},"skip":true},"75":{"start":{"line":314,"column":8},"end":{"line":314,"column":69},"skip":true},"76":{"start":{"line":315,"column":8},"end":{"line":323,"column":36},"skip":true},"77":{"start":{"line":316,"column":12},"end":{"line":316,"column":61},"skip":true},"78":{"start":{"line":317,"column":12},"end":{"line":320,"column":13},"skip":true},"79":{"start":{"line":318,"column":16},"end":{"line":318,"column":75},"skip":true},"80":{"start":{"line":319,"column":16},"end":{"line":319,"column":23},"skip":true},"81":{"start":{"line":321,"column":12},"end":{"line":321,"column":38},"skip":true},"82":{"start":{"line":322,"column":12},"end":{"line":322,"column":27},"skip":true},"83":{"start":{"line":324,"column":8},"end":{"line":324,"column":14},"skip":true}},"branchMap":{"1":{"line":39,"type":"binary-expr","locations":[{"start":{"line":39,"column":23},"end":{"line":39,"column":62}},{"start":{"line":40,"column":20},"end":{"line":40,"column":70}},{"start":{"line":41,"column":20},"end":{"line":41,"column":71}},{"start":{"line":42,"column":20},"end":{"line":42,"column":29}}]},"2":{"line":44,"type":"binary-expr","locations":[{"start":{"line":44,"column":23},"end":{"line":44,"column":37}},{"start":{"line":45,"column":20},"end":{"line":45,"column":61}},{"start":{"line":46,"column":20},"end":{"line":46,"column":70}},{"start":{"line":47,"column":20},"end":{"line":47,"column":26}}]},"3":{"line":51,"type":"cond-expr","locations":[{"start":{"line":52,"column":14},"end":{"line":52,"column":20}},{"start":{"line":53,"column":14},"end":{"line":53,"column":20}}]},"4":{"line":55,"type":"binary-expr","locations":[{"start":{"line":55,"column":16},"end":{"line":55,"column":44}},{"start":{"line":55,"column":49},"end":{"line":57,"column":43}}]},"5":{"line":55,"type":"cond-expr","locations":[{"start":{"line":56,"column":14},"end":{"line":56,"column":57}},{"start":{"line":57,"column":14},"end":{"line":57,"column":43}}]},"6":{"line":61,"type":"switch","locations":[{"start":{"line":68,"column":4},"end":{"line":150,"column":14},"skip":true},{"start":{"line":156,"column":4},"end":{"line":324,"column":14},"skip":true}]},"7":{"line":70,"type":"if","locations":[{"start":{"line":70,"column":12},"end":{"line":70,"column":12},"skip":true},{"start":{"line":70,"column":12},"end":{"line":70,"column":12},"skip":true}]},"8":{"line":70,"type":"binary-expr","locations":[{"start":{"line":70,"column":16},"end":{"line":70,"column":22},"skip":true},{"start":{"line":70,"column":27},"end":{"line":70,"column":32},"skip":true},{"start":{"line":71,"column":20},"end":{"line":71,"column":39},"skip":true},{"start":{"line":72,"column":20},"end":{"line":72,"column":49},"skip":true},{"start":{"line":73,"column":20},"end":{"line":73,"column":58},"skip":true},{"start":{"line":74,"column":20},"end":{"line":74,"column":69},"skip":true}]},"9":{"line":79,"type":"switch","locations":[{"start":{"line":80,"column":20},"end":{"line":80,"column":33},"skip":true},{"start":{"line":81,"column":20},"end":{"line":83,"column":30},"skip":true},{"start":{"line":84,"column":20},"end":{"line":85,"column":49},"skip":true}]},"10":{"line":89,"type":"switch","locations":[{"start":{"line":90,"column":12},"end":{"line":103,"column":22},"skip":true},{"start":{"line":105,"column":12},"end":{"line":106,"column":22},"skip":true}]},"11":{"line":89,"type":"binary-expr","locations":[{"start":{"line":89,"column":20},"end":{"line":89,"column":25},"skip":true},{"start":{"line":89,"column":29},"end":{"line":89,"column":48},"skip":true},{"start":{"line":89,"column":52},"end":{"line":89,"column":74},"skip":true}]},"12":{"line":92,"type":"if","locations":[{"start":{"line":92,"column":16},"end":{"line":92,"column":16},"skip":true},{"start":{"line":92,"column":16},"end":{"line":92,"column":16},"skip":true}]},"13":{"line":108,"type":"if","locations":[{"start":{"line":108,"column":12},"end":{"line":108,"column":12},"skip":true},{"start":{"line":108,"column":12},"end":{"line":108,"column":12},"skip":true}]},"14":{"line":108,"type":"binary-expr","locations":[{"start":{"line":108,"column":16},"end":{"line":108,"column":61},"skip":true},{"start":{"line":108,"column":66},"end":{"line":108,"column":72},"skip":true},{"start":{"line":108,"column":77},"end":{"line":108,"column":82},"skip":true},{"start":{"line":109,"column":20},"end":{"line":109,"column":39},"skip":true},{"start":{"line":110,"column":20},"end":{"line":110,"column":49},"skip":true},{"start":{"line":111,"column":20},"end":{"line":111,"column":58},"skip":true},{"start":{"line":112,"column":20},"end":{"line":112,"column":68},"skip":true}]},"15":{"line":129,"type":"if","locations":[{"start":{"line":129,"column":16},"end":{"line":129,"column":16},"skip":true},{"start":{"line":129,"column":16},"end":{"line":129,"column":16},"skip":true}]},"16":{"line":134,"type":"cond-expr","locations":[{"start":{"line":135,"column":26},"end":{"line":135,"column":29},"skip":true},{"start":{"line":136,"column":26},"end":{"line":136,"column":54},"skip":true}]},"17":{"line":164,"type":"binary-expr","locations":[{"start":{"line":164,"column":27},"end":{"line":164,"column":43},"skip":true},{"start":{"line":164,"column":47},"end":{"line":164,"column":49},"skip":true}]},"18":{"line":258,"type":"if","locations":[{"start":{"line":258,"column":8},"end":{"line":258,"column":8},"skip":true},{"start":{"line":258,"column":8},"end":{"line":258,"column":8},"skip":true}]},"19":{"line":275,"type":"switch","locations":[{"start":{"line":276,"column":20},"end":{"line":277,"column":64},"skip":true},{"start":{"line":278,"column":20},"end":{"line":279,"column":40},"skip":true},{"start":{"line":280,"column":20},"end":{"line":281,"column":40},"skip":true},{"start":{"line":282,"column":20},"end":{"line":283,"column":39},"skip":true}]},"20":{"line":288,"type":"if","locations":[{"start":{"line":288,"column":8},"end":{"line":288,"column":8},"skip":true},{"start":{"line":288,"column":8},"end":{"line":288,"column":8},"skip":true}]},"21":{"line":288,"type":"binary-expr","locations":[{"start":{"line":288,"column":12},"end":{"line":288,"column":40},"skip":true},{"start":{"line":288,"column":44},"end":{"line":288,"column":67},"skip":true}]},"22":{"line":292,"type":"binary-expr","locations":[{"start":{"line":292,"column":12},"end":{"line":292,"column":50},"skip":true},{"start":{"line":293,"column":12},"end":{"line":293,"column":53},"skip":true}]},"23":{"line":297,"type":"binary-expr","locations":[{"start":{"line":297,"column":12},"end":{"line":297,"column":71},"skip":true},{"start":{"line":298,"column":12},"end":{"line":301,"column":36},"skip":true}]},"24":{"line":303,"type":"binary-expr","locations":[{"start":{"line":303,"column":43},"end":{"line":303,"column":75},"skip":true},{"start":{"line":303,"column":79},"end":{"line":303,"column":81},"skip":true}]},"25":{"line":306,"type":"if","locations":[{"start":{"line":306,"column":8},"end":{"line":306,"column":8},"skip":true},{"start":{"line":306,"column":8},"end":{"line":306,"column":8},"skip":true}]},"26":{"line":310,"type":"if","locations":[{"start":{"line":310,"column":8},"end":{"line":310,"column":8},"skip":true},{"start":{"line":310,"column":8},"end":{"line":310,"column":8},"skip":true}]},"27":{"line":313,"type":"binary-expr","locations":[{"start":{"line":313,"column":27},"end":{"line":313,"column":43},"skip":true},{"start":{"line":313,"column":47},"end":{"line":313,"column":53},"skip":true}]},"28":{"line":317,"type":"if","locations":[{"start":{"line":317,"column":12},"end":{"line":317,"column":12},"skip":true},{"start":{"line":317,"column":12},"end":{"line":317,"column":12},"skip":true}]}},"code":["/*","example.js","","quickstart example","","instruction","    1. save this script as example.js","    2. run the shell command:","        $ npm install npmtest-react-widgets && PORT=8081 node example.js","    3. play with the browser-demo on http://127.0.0.1:8081","*/","","","","/* istanbul instrument in package npmtest_react_widgets */","/*jslint","    bitwise: true,","    browser: true,","    maxerr: 8,","    maxlen: 96,","    node: true,","    nomen: true,","    regexp: true,","    stupid: true","*/","(function () {","    'use strict';","    var local;","","","","    // run shared js-env code - init-before","    (function () {","        // init local","        local = {};","        // init modeJs","        local.modeJs = (function () {","            try {","                return typeof navigator.userAgent === 'string' &&","                    typeof document.querySelector('body') === 'object' &&","                    typeof XMLHttpRequest.prototype.open === 'function' &&","                    'browser';","            } catch (errorCaughtBrowser) {","                return module.exports &&","                    typeof process.versions.node === 'string' &&","                    typeof require('http').createServer === 'function' &&","                    'node';","            }","        }());","        // init global","        local.global = local.modeJs === 'browser'","            ? window","            : global;","        // init utility2_rollup","        local = local.global.utility2_rollup || (local.modeJs === 'browser'","            ? local.global.utility2_npmtest_react_widgets","            : global.utility2_moduleExports);","        // export local","        local.global.local = local;","    }());","    switch (local.modeJs) {","","","","    // init-after","    // run browser js-env code - init-after","    /* istanbul ignore next */","    case 'browser':","        local.testRunBrowser = function (event) {","            if (!event || (event &&","                    event.currentTarget &&","                    event.currentTarget.className &&","                    event.currentTarget.className.includes &&","                    event.currentTarget.className.includes('onreset'))) {","                // reset output","                Array.from(","                    document.querySelectorAll('body > .resettable')","                ).forEach(function (element) {","                    switch (element.tagName) {","                    case 'INPUT':","                    case 'TEXTAREA':","                        element.value = '';","                        break;","                    default:","                        element.textContent = '';","                    }","                });","            }","            switch (event && event.currentTarget && event.currentTarget.id) {","            case 'testRunButton1':","                // show tests","                if (document.querySelector('#testReportDiv1').style.display === 'none') {","                    document.querySelector('#testReportDiv1').style.display = 'block';","                    document.querySelector('#testRunButton1').textContent =","                        'hide internal test';","                    local.modeTest = true;","                    local.testRunDefault(local);","                // hide tests","                } else {","                    document.querySelector('#testReportDiv1').style.display = 'none';","                    document.querySelector('#testRunButton1').textContent = 'run internal test';","                }","                break;","            // custom-case","            default:","                break;","            }","            if (document.querySelector('#inputTextareaEval1') && (!event || (event &&","                    event.currentTarget &&","                    event.currentTarget.className &&","                    event.currentTarget.className.includes &&","                    event.currentTarget.className.includes('oneval')))) {","                // try to eval input-code","                try {","                    /*jslint evil: true*/","                    eval(document.querySelector('#inputTextareaEval1').value);","                } catch (errorCaught) {","                    console.error(errorCaught);","                }","            }","        };","        // log stderr and stdout to #outputTextareaStdout1","        ['error', 'log'].forEach(function (key) {","            console[key + '_original'] = console[key];","            console[key] = function () {","                var element;","                console[key + '_original'].apply(console, arguments);","                element = document.querySelector('#outputTextareaStdout1');","                if (!element) {","                    return;","                }","                // append text to #outputTextareaStdout1","                element.value += Array.from(arguments).map(function (arg) {","                    return typeof arg === 'string'","                        ? arg","                        : JSON.stringify(arg, null, 4);","                }).join(' ') + '\\n';","                // scroll textarea to bottom","                element.scrollTop = element.scrollHeight;","            };","        });","        // init event-handling","        ['change', 'click', 'keyup'].forEach(function (event) {","            Array.from(document.querySelectorAll('.on' + event)).forEach(function (element) {","                element.addEventListener(event, local.testRunBrowser);","            });","        });","        // run tests","        local.testRunBrowser();","        break;","","","","    // run node js-env code - init-after","    /* istanbul ignore next */","    case 'node':","        // export local","        module.exports = local;","        // require modules","        local.fs = require('fs');","        local.http = require('http');","        local.url = require('url');","        // init assets","        local.assetsDict = local.assetsDict || {};","        /* jslint-ignore-begin */","        local.assetsDict['/assets.index.template.html'] = '\\","<!doctype html>\\n\\","<html lang=\"en\">\\n\\","<head>\\n\\","<meta charset=\"UTF-8\">\\n\\","<meta name=\"viewport\" content=\"width=device-width, initial-scale=1\">\\n\\","<title>{{env.npm_package_name}} (v{{env.npm_package_version}})</title>\\n\\","<style>\\n\\","/*csslint\\n\\","    box-sizing: false,\\n\\","    universal-selector: false\\n\\","*/\\n\\","* {\\n\\","    box-sizing: border-box;\\n\\","}\\n\\","body {\\n\\","    background: #dde;\\n\\","    font-family: Arial, Helvetica, sans-serif;\\n\\","    margin: 2rem;\\n\\","}\\n\\","body > * {\\n\\","    margin-bottom: 1rem;\\n\\","}\\n\\",".utility2FooterDiv {\\n\\","    margin-top: 20px;\\n\\","    text-align: center;\\n\\","}\\n\\","</style>\\n\\","<style>\\n\\","/*csslint\\n\\","*/\\n\\","textarea {\\n\\","    font-family: monospace;\\n\\","    height: 10rem;\\n\\","    width: 100%;\\n\\","}\\n\\","textarea[readonly] {\\n\\","    background: #ddd;\\n\\","}\\n\\","</style>\\n\\","</head>\\n\\","<body>\\n\\","<!-- utility2-comment\\n\\","<div id=\"ajaxProgressDiv1\" style=\"background: #d00; height: 2px; left: 0; margin: 0; padding: 0; position: fixed; top: 0; transition: background 0.5s, width 1.5s; width: 25%;\"></div>\\n\\","utility2-comment -->\\n\\","<h1>\\n\\","<!-- utility2-comment\\n\\","    <a\\n\\","        {{#if env.npm_package_homepage}}\\n\\","        href=\"{{env.npm_package_homepage}}\"\\n\\","        {{/if env.npm_package_homepage}}\\n\\","        target=\"_blank\"\\n\\","    >\\n\\","utility2-comment -->\\n\\","        {{env.npm_package_name}} (v{{env.npm_package_version}})\\n\\","<!-- utility2-comment\\n\\","    </a>\\n\\","utility2-comment -->\\n\\","</h1>\\n\\","<h3>{{env.npm_package_description}}</h3>\\n\\","<!-- utility2-comment\\n\\","<h4><a download href=\"assets.app.js\">download standalone app</a></h4>\\n\\","<button class=\"onclick onreset\" id=\"testRunButton1\">run internal test</button><br>\\n\\","<div id=\"testReportDiv1\" style=\"display: none;\"></div>\\n\\","utility2-comment -->\\n\\","\\n\\","\\n\\","\\n\\","<label>stderr and stdout</label>\\n\\","<textarea class=\"resettable\" id=\"outputTextareaStdout1\" readonly></textarea>\\n\\","<!-- utility2-comment\\n\\","{{#if isRollup}}\\n\\","<script src=\"assets.app.js\"></script>\\n\\","{{#unless isRollup}}\\n\\","utility2-comment -->\\n\\","<script src=\"assets.utility2.rollup.js\"></script>\\n\\","<script src=\"jsonp.utility2._stateInit?callback=window.utility2._stateInit\"></script>\\n\\","<script src=\"assets.npmtest_react_widgets.rollup.js\"></script>\\n\\","<script src=\"assets.example.js\"></script>\\n\\","<script src=\"assets.test.js\"></script>\\n\\","<!-- utility2-comment\\n\\","{{/if isRollup}}\\n\\","utility2-comment -->\\n\\","<div class=\"utility2FooterDiv\">\\n\\","    [ this app was created with\\n\\","    <a href=\"https://github.com/kaizhu256/node-utility2\" target=\"_blank\">utility2</a>\\n\\","    ]\\n\\","</div>\\n\\","</body>\\n\\","</html>\\n\\","';","        /* jslint-ignore-end */","        if (local.templateRender) {","            local.assetsDict['/'] = local.templateRender(","                local.assetsDict['/assets.index.template.html'],","                {","                    env: local.objectSetDefault(local.env, {","                        npm_package_description: 'the greatest app in the world!',","                        npm_package_name: 'my-app',","                        npm_package_nameAlias: 'my_app',","                        npm_package_version: '0.0.1'","                    })","                }","            );","        } else {","            local.assetsDict['/'] = local.assetsDict['/assets.index.template.html']","                .replace((/\\{\\{env\\.(\\w+?)\\}\\}/g), function (match0, match1) {","                    // jslint-hack","                    String(match0);","                    switch (match1) {","                    case 'npm_package_description':","                        return 'the greatest app in the world!';","                    case 'npm_package_name':","                        return 'my-app';","                    case 'npm_package_nameAlias':","                        return 'my_app';","                    case 'npm_package_version':","                        return '0.0.1';","                    }","                });","        }","        // run the cli","        if (local.global.utility2_rollup || module !== require.main) {","            break;","        }","        local.assetsDict['/assets.example.js'] =","            local.assetsDict['/assets.example.js'] ||","            local.fs.readFileSync(__filename, 'utf8');","        // bug-workaround - long $npm_package_buildCustomOrg","        /* jslint-ignore-begin */","        local.assetsDict['/assets.npmtest_react_widgets.rollup.js'] =","            local.assetsDict['/assets.npmtest_react_widgets.rollup.js'] ||","            local.fs.readFileSync(","                local.npmtest_react_widgets.__dirname + '/lib.npmtest_react_widgets.js',","                'utf8'","            ).replace((/^#!/), '//');","        /* jslint-ignore-end */","        local.assetsDict['/favicon.ico'] = local.assetsDict['/favicon.ico'] || '';","        // if $npm_config_timeout_exit exists,","        // then exit this process after $npm_config_timeout_exit ms","        if (Number(process.env.npm_config_timeout_exit)) {","            setTimeout(process.exit, Number(process.env.npm_config_timeout_exit));","        }","        // start server","        if (local.global.utility2_serverHttp1) {","            break;","        }","        process.env.PORT = process.env.PORT || '8081';","        console.error('server starting on port ' + process.env.PORT);","        local.http.createServer(function (request, response) {","            request.urlParsed = local.url.parse(request.url);","            if (local.assetsDict[request.urlParsed.pathname] !== undefined) {","                response.end(local.assetsDict[request.urlParsed.pathname]);","                return;","            }","            response.statusCode = 404;","            response.end();","        }).listen(process.env.PORT);","        break;","    }","}());",""],"l":{"26":2,"28":2,"33":2,"35":2,"37":2,"38":2,"39":2,"44":1,"51":2,"55":2,"59":2,"61":2,"69":1,"70":2,"76":2,"79":2,"82":2,"83":2,"85":1,"89":2,"92":1,"93":1,"94":1,"96":1,"97":1,"100":1,"101":1,"103":1,"106":1,"108":2,"114":1,"116":1,"118":1,"123":1,"124":2,"125":2,"126":3,"127":3,"128":3,"129":3,"130":1,"133":3,"134":3,"139":3,"143":1,"144":3,"145":1,"149":1,"150":1,"158":1,"160":1,"161":1,"162":1,"164":1,"166":1,"258":1,"259":1,"271":1,"274":6,"275":6,"277":1,"279":2,"281":1,"283":2,"288":1,"289":1,"291":1,"296":1,"303":1,"306":1,"307":1,"310":1,"311":1,"313":1,"314":1,"315":1,"316":1,"317":1,"318":1,"319":1,"321":1,"322":1,"324":1}},"/home/travis/build/npmtest/node-npmtest-react-widgets/node_modules/react-widgets/lib/index.js":{"path":"/home/travis/build/npmtest/node-npmtest-react-widgets/node_modules/react-widgets/lib/index.js","s":{"1":1,"2":0,"3":0,"4":0,"5":0,"6":0,"7":0,"8":1,"9":1,"10":1,"11":3,"12":0,"13":1},"b":{"1":[1,0],"2":[0,0],"3":[1,0],"4":[0,3]},"f":{"1":0,"2":3},"fnMap":{"1":{"name":"(anonymous_1)","line":3,"loc":{"start":{"line":3,"column":32},"end":{"line":3,"column":50}}},"2":{"name":"(anonymous_2)","line":8,"loc":{"start":{"line":8,"column":81},"end":{"line":8,"column":99}}}},"statementMap":{"1":{"start":{"line":3,"column":0},"end":{"line":3,"column":257}},"2":{"start":{"line":3,"column":52},"end":{"line":3,"column":239}},"3":{"start":{"line":3,"column":97},"end":{"line":3,"column":123}},"4":{"start":{"line":3,"column":124},"end":{"line":3,"column":237}},"5":{"start":{"line":3,"column":150},"end":{"line":3,"column":235}},"6":{"start":{"line":3,"column":207},"end":{"line":3,"column":233}},"7":{"start":{"line":3,"column":240},"end":{"line":3,"column":254}},"8":{"start":{"line":5,"column":0},"end":{"line":5,"column":39}},"9":{"start":{"line":7,"column":0},"end":{"line":11,"column":1}},"10":{"start":{"line":8,"column":2},"end":{"line":10,"column":5}},"11":{"start":{"line":9,"column":4},"end":{"line":9,"column":165}},"12":{"start":{"line":9,"column":17},"end":{"line":9,"column":165}},"13":{"start":{"line":13,"column":0},"end":{"line":26,"column":3}}},"branchMap":{"1":{"line":3,"type":"binary-expr","locations":[{"start":{"line":3,"column":15},"end":{"line":3,"column":28}},{"start":{"line":3,"column":32},"end":{"line":3,"column":256}}]},"2":{"line":3,"type":"if","locations":[{"start":{"line":3,"column":150},"end":{"line":3,"column":150}},{"start":{"line":3,"column":150},"end":{"line":3,"column":150}}]},"3":{"line":7,"type":"if","locations":[{"start":{"line":7,"column":0},"end":{"line":7,"column":0}},{"start":{"line":7,"column":0},"end":{"line":7,"column":0}}]},"4":{"line":9,"type":"if","locations":[{"start":{"line":9,"column":4},"end":{"line":9,"column":4}},{"start":{"line":9,"column":4},"end":{"line":9,"column":4}}]}},"code":["'use strict';","","var _extends = Object.assign || function (target) { for (var i = 1; i < arguments.length; i++) { var source = arguments[i]; for (var key in source) { if (Object.prototype.hasOwnProperty.call(source, key)) { target[key] = source[key]; } } } return target; };","","var configure = require('./configure');","","if (process.env.NODE_ENV !== 'production') {","  [Array.prototype.some, Array.prototype.filter, Array.prototype.reduce].forEach(function (method) {","    if (!method) throw new Error('One or more ES5 features is not available to ReactWidgets: http://jquense.github.io/react-widgets/docs/#/getting-started/browser');","  });","}","","module.exports = _extends({}, configure, {","  DropdownList: require('./DropdownList'),","  Combobox: require('./Combobox'),","  Calendar: require('./Calendar'),","  DateTimePicker: require('./DateTimePicker'),","  NumberPicker: require('./NumberPicker'),","  Multiselect: require('./Multiselect'),","  SelectList: require('./SelectList'),","","  utils: {","    ReplaceTransitionGroup: require('./ReplaceTransitionGroup'),","    SlideTransition: require('./SlideTransition')","  }","});"],"l":{"3":1,"5":1,"7":1,"8":1,"9":3,"13":1}},"/home/travis/build/npmtest/node-npmtest-react-widgets/node_modules/react-widgets/lib/configure.js":{"path":"/home/travis/build/npmtest/node-npmtest-react-widgets/node_modules/react-widgets/lib/configure.js","s":{"1":1,"2":1,"3":1,"4":1,"5":1,"6":1,"7":1,"8":1,"9":0,"10":0,"11":0,"12":0,"13":0,"14":0,"15":0,"16":1,"17":1,"18":1,"19":0,"20":0,"21":0,"22":0,"23":1},"b":{"1":[1,0],"2":[1,1],"3":[0,0],"4":[0,0],"5":[0,1],"6":[1,1],"7":[0,0],"8":[0,0]},"f":{"1":1,"2":1,"3":0,"4":0},"fnMap":{"1":{"name":"_interopRequireWildcard","line":13,"loc":{"start":{"line":13,"column":0},"end":{"line":13,"column":38}}},"2":{"name":"_interopRequireDefault","line":15,"loc":{"start":{"line":15,"column":0},"end":{"line":15,"column":37}}},"3":{"name":"setAnimate","line":18,"loc":{"start":{"line":18,"column":14},"end":{"line":18,"column":45}}},"4":{"name":"setLocalizers","line":21,"loc":{"start":{"line":21,"column":17},"end":{"line":21,"column":46}}}},"statementMap":{"1":{"start":{"line":3,"column":0},"end":{"line":3,"column":26}},"2":{"start":{"line":5,"column":0},"end":{"line":5,"column":53}},"3":{"start":{"line":7,"column":0},"end":{"line":7,"column":61}},"4":{"start":{"line":9,"column":0},"end":{"line":9,"column":47}},"5":{"start":{"line":11,"column":0},"end":{"line":11,"column":54}},"6":{"start":{"line":13,"column":0},"end":{"line":13,"column":269}},"7":{"start":{"line":13,"column":40},"end":{"line":13,"column":267}},"8":{"start":{"line":13,"column":69},"end":{"line":13,"column":80}},"9":{"start":{"line":13,"column":90},"end":{"line":13,"column":106}},"10":{"start":{"line":13,"column":107},"end":{"line":13,"column":228}},"11":{"start":{"line":13,"column":126},"end":{"line":13,"column":226}},"12":{"start":{"line":13,"column":149},"end":{"line":13,"column":224}},"13":{"start":{"line":13,"column":201},"end":{"line":13,"column":224}},"14":{"start":{"line":13,"column":229},"end":{"line":13,"column":250}},"15":{"start":{"line":13,"column":251},"end":{"line":13,"column":265}},"16":{"start":{"line":15,"column":0},"end":{"line":15,"column":95}},"17":{"start":{"line":15,"column":39},"end":{"line":15,"column":93}},"18":{"start":{"line":17,"column":0},"end":{"line":33,"column":2}},"19":{"start":{"line":19,"column":4},"end":{"line":19,"column":48}},"20":{"start":{"line":22,"column":4},"end":{"line":23,"column":29}},"21":{"start":{"line":25,"column":4},"end":{"line":25,"column":40}},"22":{"start":{"line":26,"column":4},"end":{"line":26,"column":46}},"23":{"start":{"line":34,"column":0},"end":{"line":34,"column":36}}},"branchMap":{"1":{"line":13,"type":"if","locations":[{"start":{"line":13,"column":40},"end":{"line":13,"column":40}},{"start":{"line":13,"column":40},"end":{"line":13,"column":40}}]},"2":{"line":13,"type":"binary-expr","locations":[{"start":{"line":13,"column":44},"end":{"line":13,"column":47}},{"start":{"line":13,"column":51},"end":{"line":13,"column":65}}]},"3":{"line":13,"type":"if","locations":[{"start":{"line":13,"column":107},"end":{"line":13,"column":107}},{"start":{"line":13,"column":107},"end":{"line":13,"column":107}}]},"4":{"line":13,"type":"if","locations":[{"start":{"line":13,"column":149},"end":{"line":13,"column":149}},{"start":{"line":13,"column":149},"end":{"line":13,"column":149}}]},"5":{"line":15,"type":"cond-expr","locations":[{"start":{"line":15,"column":70},"end":{"line":15,"column":73}},{"start":{"line":15,"column":76},"end":{"line":15,"column":92}}]},"6":{"line":15,"type":"binary-expr","locations":[{"start":{"line":15,"column":46},"end":{"line":15,"column":49}},{"start":{"line":15,"column":53},"end":{"line":15,"column":67}}]},"7":{"line":25,"type":"binary-expr","locations":[{"start":{"line":25,"column":4},"end":{"line":25,"column":8}},{"start":{"line":25,"column":12},"end":{"line":25,"column":39}}]},"8":{"line":26,"type":"binary-expr","locations":[{"start":{"line":26,"column":4},"end":{"line":26,"column":10}},{"start":{"line":26,"column":14},"end":{"line":26,"column":45}}]}},"code":["'use strict';","","exports.__esModule = true;","","var _configuration = require('./util/configuration');","","var _configuration2 = _interopRequireDefault(_configuration);","","var _localizers = require('./util/localizers');","","var localizers = _interopRequireWildcard(_localizers);","","function _interopRequireWildcard(obj) { if (obj && obj.__esModule) { return obj; } else { var newObj = {}; if (obj != null) { for (var key in obj) { if (Object.prototype.hasOwnProperty.call(obj, key)) newObj[key] = obj[key]; } } newObj.default = obj; return newObj; } }","","function _interopRequireDefault(obj) { return obj && obj.__esModule ? obj : { default: obj }; }","","exports.default = {","  setAnimate: function setAnimate(animatefn) {","    _configuration2.default.animate = animatefn;","  },","  setLocalizers: function setLocalizers(_ref) {","    var date = _ref.date,","        number = _ref.number;","","    date && this.setDateLocalizer(date);","    number && this.setNumberLocalizer(number);","  },","","","  setDateLocalizer: localizers.setDate,","","  setNumberLocalizer: localizers.setNumber","};","module.exports = exports['default'];"],"l":{"3":1,"5":1,"7":1,"9":1,"11":1,"13":1,"15":1,"17":1,"19":0,"22":0,"25":0,"26":0,"34":1}},"/home/travis/build/npmtest/node-npmtest-react-widgets/node_modules/react-widgets/lib/util/configuration.js":{"path":"/home/travis/build/npmtest/node-npmtest-react-widgets/node_modules/react-widgets/lib/util/configuration.js","s":{"1":1,"2":1,"3":1,"4":1,"5":1,"6":1,"7":1},"b":{"1":[0,1],"2":[1,1]},"f":{"1":1},"fnMap":{"1":{"name":"_interopRequireDefault","line":9,"loc":{"start":{"line":9,"column":0},"end":{"line":9,"column":37}}}},"statementMap":{"1":{"start":{"line":3,"column":0},"end":{"line":3,"column":26}},"2":{"start":{"line":5,"column":0},"end":{"line":5,"column":40}},"3":{"start":{"line":7,"column":0},"end":{"line":7,"column":49}},"4":{"start":{"line":9,"column":0},"end":{"line":9,"column":95}},"5":{"start":{"line":9,"column":39},"end":{"line":9,"column":93}},"6":{"start":{"line":11,"column":0},"end":{"line":11,"column":49}},"7":{"start":{"line":12,"column":0},"end":{"line":12,"column":36}}},"branchMap":{"1":{"line":9,"type":"cond-expr","locations":[{"start":{"line":9,"column":70},"end":{"line":9,"column":73}},{"start":{"line":9,"column":76},"end":{"line":9,"column":92}}]},"2":{"line":9,"type":"binary-expr","locations":[{"start":{"line":9,"column":46},"end":{"line":9,"column":49}},{"start":{"line":9,"column":53},"end":{"line":9,"column":67}}]}},"code":["'use strict';","","exports.__esModule = true;","","var _animate = require('./dom/animate');","","var _animate2 = _interopRequireDefault(_animate);","","function _interopRequireDefault(obj) { return obj && obj.__esModule ? obj : { default: obj }; }","","exports.default = { animate: _animate2.default };","module.exports = exports['default'];"],"l":{"3":1,"5":1,"7":1,"9":1,"11":1,"12":1}},"/home/travis/build/npmtest/node-npmtest-react-widgets/node_modules/react-widgets/lib/util/dom/animate.js":{"path":"/home/travis/build/npmtest/node-npmtest-react-widgets/node_modules/react-widgets/lib/util/dom/animate.js","s":{"1":1,"2":1,"3":1,"4":1,"5":1,"6":1,"7":1,"8":1,"9":1,"10":1,"11":1,"12":1,"13":1,"14":5,"15":1,"16":1,"17":1,"18":1,"19":1,"20":1,"21":0,"22":0,"23":0,"24":0,"25":0,"26":0,"27":0,"28":0,"29":0,"30":0,"31":0,"32":0,"33":0,"34":0,"35":0,"36":0,"37":0,"38":0,"39":0,"40":0,"41":0,"42":0,"43":0,"44":0,"45":0,"46":0,"47":0,"48":0,"49":0,"50":0,"51":0,"52":0,"53":0,"54":0,"55":0,"56":1,"57":0,"58":0,"59":0,"60":0,"61":0,"62":0,"63":1},"b":{"1":[0,5],"2":[5,5],"3":[0,0],"4":[0,0],"5":[0,0],"6":[0,0],"7":[0,0],"8":[0,0],"9":[0,0],"10":[0,0],"11":[0,0],"12":[0,0],"13":[0,0],"14":[0,0],"15":[0,0]},"f":{"1":5,"2":0,"3":0,"4":0,"5":0},"fnMap":{"1":{"name":"_interopRequireDefault","line":26,"loc":{"start":{"line":26,"column":0},"end":{"line":26,"column":37}}},"2":{"name":"animate","line":48,"loc":{"start":{"line":48,"column":0},"end":{"line":48,"column":63}}},"3":{"name":"(anonymous_3)","line":80,"loc":{"start":{"line":80,"column":15},"end":{"line":80,"column":27}}},"4":{"name":"cancel","line":91,"loc":{"start":{"line":91,"column":12},"end":{"line":91,"column":30}}},"5":{"name":"done","line":99,"loc":{"start":{"line":99,"column":2},"end":{"line":99,"column":23}}}},"statementMap":{"1":{"start":{"line":3,"column":0},"end":{"line":3,"column":26}},"2":{"start":{"line":4,"column":0},"end":{"line":4,"column":26}},"3":{"start":{"line":6,"column":0},"end":{"line":6,"column":55}},"4":{"start":{"line":8,"column":0},"end":{"line":8,"column":53}},"5":{"start":{"line":10,"column":0},"end":{"line":10,"column":42}},"6":{"start":{"line":12,"column":0},"end":{"line":12,"column":45}},"7":{"start":{"line":14,"column":0},"end":{"line":14,"column":43}},"8":{"start":{"line":16,"column":0},"end":{"line":16,"column":39}},"9":{"start":{"line":18,"column":0},"end":{"line":18,"column":45}},"10":{"start":{"line":20,"column":0},"end":{"line":20,"column":41}},"11":{"start":{"line":22,"column":0},"end":{"line":22,"column":63}},"12":{"start":{"line":24,"column":0},"end":{"line":24,"column":55}},"13":{"start":{"line":26,"column":0},"end":{"line":26,"column":95}},"14":{"start":{"line":26,"column":39},"end":{"line":26,"column":93}},"15":{"start":{"line":28,"column":0},"end":{"line":35,"column":2}},"16":{"start":{"line":37,"column":0},"end":{"line":37,"column":154}},"17":{"start":{"line":39,"column":0},"end":{"line":39,"column":44}},"18":{"start":{"line":40,"column":0},"end":{"line":40,"column":51}},"19":{"start":{"line":41,"column":0},"end":{"line":41,"column":42}},"20":{"start":{"line":48,"column":0},"end":{"line":107,"column":1}},"21":{"start":{"line":49,"column":2},"end":{"line":53,"column":12}},"22":{"start":{"line":55,"column":2},"end":{"line":55,"column":69}},"23":{"start":{"line":55,"column":36},"end":{"line":55,"column":69}},"24":{"start":{"line":57,"column":2},"end":{"line":57,"column":46}},"25":{"start":{"line":57,"column":33},"end":{"line":57,"column":46}},"26":{"start":{"line":58,"column":2},"end":{"line":58,"column":45}},"27":{"start":{"line":58,"column":30},"end":{"line":58,"column":45}},"28":{"start":{"line":60,"column":2},"end":{"line":67,"column":3}},"29":{"start":{"line":61,"column":4},"end":{"line":66,"column":5}},"30":{"start":{"line":62,"column":6},"end":{"line":65,"column":7}},"31":{"start":{"line":62,"column":36},"end":{"line":62,"column":102}},"32":{"start":{"line":63,"column":8},"end":{"line":63,"column":41}},"33":{"start":{"line":64,"column":8},"end":{"line":64,"column":58}},"34":{"start":{"line":67,"column":3},"end":{"line":70,"column":3}},"35":{"start":{"line":68,"column":4},"end":{"line":68,"column":59}},"36":{"start":{"line":69,"column":4},"end":{"line":69,"column":55}},"37":{"start":{"line":72,"column":2},"end":{"line":83,"column":3}},"38":{"start":{"line":73,"column":4},"end":{"line":73,"column":72}},"39":{"start":{"line":74,"column":4},"end":{"line":74,"column":69}},"40":{"start":{"line":75,"column":4},"end":{"line":75,"column":52}},"41":{"start":{"line":76,"column":4},"end":{"line":76,"column":64}},"42":{"start":{"line":78,"column":4},"end":{"line":78,"column":60}},"43":{"start":{"line":80,"column":4},"end":{"line":82,"column":23}},"44":{"start":{"line":81,"column":6},"end":{"line":81,"column":34}},"45":{"start":{"line":81,"column":18},"end":{"line":81,"column":34}},"46":{"start":{"line":85,"column":2},"end":{"line":85,"column":18}},"47":{"start":{"line":86,"column":2},"end":{"line":86,"column":40}},"48":{"start":{"line":88,"column":2},"end":{"line":88,"column":63}},"49":{"start":{"line":88,"column":21},"end":{"line":88,"column":63}},"50":{"start":{"line":90,"column":2},"end":{"line":97,"column":4}},"51":{"start":{"line":92,"column":6},"end":{"line":92,"column":24}},"52":{"start":{"line":92,"column":17},"end":{"line":92,"column":24}},"53":{"start":{"line":93,"column":6},"end":{"line":93,"column":19}},"54":{"start":{"line":94,"column":6},"end":{"line":94,"column":63}},"55":{"start":{"line":95,"column":6},"end":{"line":95,"column":40}},"56":{"start":{"line":99,"column":2},"end":{"line":106,"column":3}},"57":{"start":{"line":100,"column":4},"end":{"line":100,"column":53}},"58":{"start":{"line":100,"column":46},"end":{"line":100,"column":53}},"59":{"start":{"line":102,"column":4},"end":{"line":102,"column":17}},"60":{"start":{"line":103,"column":4},"end":{"line":103,"column":69}},"61":{"start":{"line":104,"column":4},"end":{"line":104,"column":38}},"62":{"start":{"line":105,"column":4},"end":{"line":105,"column":36}},"63":{"start":{"line":108,"column":0},"end":{"line":108,"column":36}}},"branchMap":{"1":{"line":26,"type":"cond-expr","locations":[{"start":{"line":26,"column":70},"end":{"line":26,"column":73}},{"start":{"line":26,"column":76},"end":{"line":26,"column":92}}]},"2":{"line":26,"type":"binary-expr","locations":[{"start":{"line":26,"column":46},"end":{"line":26,"column":49}},{"start":{"line":26,"column":53},"end":{"line":26,"column":67}}]},"3":{"line":55,"type":"if","locations":[{"start":{"line":55,"column":2},"end":{"line":55,"column":2}},{"start":{"line":55,"column":2},"end":{"line":55,"column":2}}]},"4":{"line":57,"type":"if","locations":[{"start":{"line":57,"column":2},"end":{"line":57,"column":2}},{"start":{"line":57,"column":2},"end":{"line":57,"column":2}}]},"5":{"line":58,"type":"if","locations":[{"start":{"line":58,"column":2},"end":{"line":58,"column":2}},{"start":{"line":58,"column":2},"end":{"line":58,"column":2}}]},"6":{"line":61,"type":"if","locations":[{"start":{"line":61,"column":4},"end":{"line":61,"column":4}},{"start":{"line":61,"column":4},"end":{"line":61,"column":4}}]},"7":{"line":62,"type":"if","locations":[{"start":{"line":62,"column":6},"end":{"line":62,"column":6}},{"start":{"line":62,"column":6},"end":{"line":62,"column":6}}]},"8":{"line":67,"type":"if","locations":[{"start":{"line":67,"column":3},"end":{"line":67,"column":3}},{"start":{"line":67,"column":3},"end":{"line":67,"column":3}}]},"9":{"line":72,"type":"if","locations":[{"start":{"line":72,"column":2},"end":{"line":72,"column":2}},{"start":{"line":72,"column":2},"end":{"line":72,"column":2}}]},"10":{"line":76,"type":"binary-expr","locations":[{"start":{"line":76,"column":45},"end":{"line":76,"column":51}},{"start":{"line":76,"column":55},"end":{"line":76,"column":63}}]},"11":{"line":81,"type":"if","locations":[{"start":{"line":81,"column":6},"end":{"line":81,"column":6}},{"start":{"line":81,"column":6},"end":{"line":81,"column":6}}]},"12":{"line":88,"type":"if","locations":[{"start":{"line":88,"column":2},"end":{"line":88,"column":2}},{"start":{"line":88,"column":2},"end":{"line":88,"column":2}}]},"13":{"line":92,"type":"if","locations":[{"start":{"line":92,"column":6},"end":{"line":92,"column":6}},{"start":{"line":92,"column":6},"end":{"line":92,"column":6}}]},"14":{"line":100,"type":"if","locations":[{"start":{"line":100,"column":4},"end":{"line":100,"column":4}},{"start":{"line":100,"column":4},"end":{"line":100,"column":4}}]},"15":{"line":105,"type":"binary-expr","locations":[{"start":{"line":105,"column":4},"end":{"line":105,"column":12}},{"start":{"line":105,"column":16},"end":{"line":105,"column":35}}]}},"code":["'use strict';","","exports.__esModule = true;","exports.default = animate;","","var _hyphenate = require('dom-helpers/util/hyphenate');","","var _hyphenate2 = _interopRequireDefault(_hyphenate);","","var _style = require('dom-helpers/style');","","var _style2 = _interopRequireDefault(_style);","","var _on = require('dom-helpers/events/on');","","var _on2 = _interopRequireDefault(_on);","","var _off = require('dom-helpers/events/off');","","var _off2 = _interopRequireDefault(_off);","","var _properties = require('dom-helpers/transition/properties');","","var _properties2 = _interopRequireDefault(_properties);","","function _interopRequireDefault(obj) { return obj && obj.__esModule ? obj : { default: obj }; }","","var has = Object.prototype.hasOwnProperty,","    reset = {},","    TRANSLATION_MAP = {","  left: 'translateX',","  right: 'translateX',","  top: 'translateY',","  bottom: 'translateY'","};","","reset[_properties2.default.property] = reset[_properties2.default.duration] = reset[_properties2.default.delay] = reset[_properties2.default.timing] = '';","","animate.endEvent = _properties2.default.end;","animate.transform = _properties2.default.transform;","animate.TRANSLATION_MAP = TRANSLATION_MAP;","","// super lean animate function for transitions","// doesn't support all translations to keep it matching the jquery API","/**"," * code in part from: Zepto 1.1.4 | zeptojs.com/license"," */","function animate(node, properties, duration, easing, callback) {","  var cssProperties = [],","      fakeEvent = { target: node, currentTarget: node },","      cssValues = {},","      transforms = '',","      fired;","","  if (typeof easing === 'function') callback = easing, easing = null;","","  if (!_properties2.default.end) duration = 0;","  if (duration === undefined) duration = 200;","","  for (var key in properties) {","    if (has.call(properties, key)) {","      if (/(top|bottom)/.test(key)) transforms += TRANSLATION_MAP[key] + '(' + properties[key] + ') ';else {","        cssValues[key] = properties[key];","        cssProperties.push((0, _hyphenate2.default)(key));","      }","    }","  }if (transforms) {","    cssValues[_properties2.default.transform] = transforms;","    cssProperties.push(_properties2.default.transform);","  }","","  if (duration > 0) {","    cssValues[_properties2.default.property] = cssProperties.join(', ');","    cssValues[_properties2.default.duration] = duration / 1000 + 's';","    cssValues[_properties2.default.delay] = 0 + 's';","    cssValues[_properties2.default.timing] = easing || 'linear';","","    (0, _on2.default)(node, _properties2.default.end, done);","","    setTimeout(function () {","      if (!fired) done(fakeEvent);","    }, duration + 500);","  }","","  node.clientLeft; // trigger page reflow","  (0, _style2.default)(node, cssValues);","","  if (duration <= 0) setTimeout(done.bind(null, fakeEvent), 0);","","  return {","    cancel: function cancel() {","      if (fired) return;","      fired = true;","      (0, _off2.default)(node, _properties2.default.end, done);","      (0, _style2.default)(node, reset);","    }","  };","","  function done(event) {","    if (event.target !== event.currentTarget) return;","","    fired = true;","    (0, _off2.default)(event.target, _properties2.default.end, done);","    (0, _style2.default)(node, reset);","    callback && callback.call(this);","  }","}","module.exports = exports['default'];"],"l":{"3":1,"4":1,"6":1,"8":1,"10":1,"12":1,"14":1,"16":1,"18":1,"20":1,"22":1,"24":1,"26":5,"28":1,"37":1,"39":1,"40":1,"41":1,"48":1,"49":0,"55":0,"57":0,"58":0,"60":0,"61":0,"62":0,"63":0,"64":0,"67":0,"68":0,"69":0,"72":0,"73":0,"74":0,"75":0,"76":0,"78":0,"80":0,"81":0,"85":0,"86":0,"88":0,"90":0,"92":0,"93":0,"94":0,"95":0,"99":1,"100":0,"102":0,"103":0,"104":0,"105":0,"108":1}},"/home/travis/build/npmtest/node-npmtest-react-widgets/node_modules/react-widgets/lib/util/localizers.js":{"path":"/home/travis/build/npmtest/node-npmtest-react-widgets/node_modules/react-widgets/lib/util/localizers.js","s":{"1":1,"2":1,"3":1,"4":1,"5":1,"6":1,"7":1,"8":1,"9":1,"10":2,"11":1,"12":1,"13":1,"14":1,"15":0,"16":0,"17":0,"18":1,"19":0,"20":0,"21":0,"22":1,"23":1,"24":0,"25":0,"26":0,"27":0,"28":0,"29":0,"30":0,"31":0,"32":0,"33":0,"34":0,"35":0,"36":0,"37":1,"38":1,"39":1,"40":0,"41":0,"42":0,"43":0,"44":0,"45":0,"46":0,"47":0,"48":0,"49":1,"50":0,"51":0,"52":0,"53":0,"54":0,"55":0,"56":0,"57":0,"58":0,"59":0,"60":0,"61":1,"62":0,"63":0,"64":0,"65":0,"66":0,"67":0,"68":0,"69":0,"70":0,"71":1,"72":1,"73":2,"74":2,"75":2,"76":12,"77":0,"78":2},"b":{"1":[0,2],"2":[2,2],"3":[0,0],"4":[0,0],"5":[0,0],"6":[0,0],"7":[0,0],"8":[0,0],"9":[0,0],"10":[0,0],"11":[0,0],"12":[0,0,0],"13":[0,0],"14":[0,0],"15":[2,0]},"f":{"1":2,"2":0,"3":0,"4":0,"5":0,"6":0,"7":0,"8":0,"9":0,"10":0,"11":0,"12":0,"13":0,"14":0,"15":0,"16":0,"17":0,"18":0,"19":0,"20":0,"21":0,"22":0,"23":0,"24":0,"25":2,"26":12,"27":0},"fnMap":{"1":{"name":"_interopRequireDefault","line":17,"loc":{"start":{"line":17,"column":0},"end":{"line":17,"column":37}}},"2":{"name":"_format","line":25,"loc":{"start":{"line":25,"column":0},"end":{"line":25,"column":63}}},"3":{"name":"checkFormats","line":33,"loc":{"start":{"line":33,"column":0},"end":{"line":33,"column":48}}},"4":{"name":"(anonymous_4)","line":34,"loc":{"start":{"line":34,"column":69},"end":{"line":34,"column":82}}},"5":{"name":"setNumber","line":41,"loc":{"start":{"line":41,"column":0},"end":{"line":41,"column":25}}},"6":{"name":"(anonymous_6)","line":45,"loc":{"start":{"line":45,"column":53},"end":{"line":45,"column":65}}},"7":{"name":"(anonymous_7)","line":49,"loc":{"start":{"line":49,"column":49},"end":{"line":49,"column":61}}},"8":{"name":"(anonymous_8)","line":60,"loc":{"start":{"line":60,"column":45},"end":{"line":60,"column":60}}},"9":{"name":"format","line":70,"loc":{"start":{"line":70,"column":12},"end":{"line":70,"column":49}}},"10":{"name":"parse","line":73,"loc":{"start":{"line":73,"column":11},"end":{"line":73,"column":50}}},"11":{"name":"setDate","line":84,"loc":{"start":{"line":84,"column":0},"end":{"line":84,"column":23}}},"12":{"name":"format","line":94,"loc":{"start":{"line":94,"column":12},"end":{"line":94,"column":49}}},"13":{"name":"parse","line":97,"loc":{"start":{"line":97,"column":11},"end":{"line":97,"column":42}}},"14":{"name":"propType","line":106,"loc":{"start":{"line":106,"column":12},"end":{"line":106,"column":32}}},"15":{"name":"getFormat","line":111,"loc":{"start":{"line":111,"column":13},"end":{"line":111,"column":45}}},"16":{"name":"parse","line":114,"loc":{"start":{"line":114,"column":9},"end":{"line":114,"column":26}}},"17":{"name":"format","line":119,"loc":{"start":{"line":119,"column":10},"end":{"line":119,"column":28}}},"18":{"name":"decimalChar","line":124,"loc":{"start":{"line":124,"column":15},"end":{"line":124,"column":38}}},"19":{"name":"precision","line":129,"loc":{"start":{"line":129,"column":13},"end":{"line":129,"column":34}}},"20":{"name":"propType","line":137,"loc":{"start":{"line":137,"column":12},"end":{"line":137,"column":32}}},"21":{"name":"getFormat","line":142,"loc":{"start":{"line":142,"column":13},"end":{"line":142,"column":45}}},"22":{"name":"parse","line":145,"loc":{"start":{"line":145,"column":9},"end":{"line":145,"column":26}}},"23":{"name":"format","line":150,"loc":{"start":{"line":150,"column":10},"end":{"line":150,"column":28}}},"24":{"name":"startOfWeek","line":155,"loc":{"start":{"line":155,"column":15},"end":{"line":155,"column":38}}},"25":{"name":"createWrapper","line":165,"loc":{"start":{"line":165,"column":0},"end":{"line":165,"column":25}}},"26":{"name":"(anonymous_26)","line":169,"loc":{"start":{"line":169,"column":83},"end":{"line":169,"column":99}}},"27":{"name":"get","line":172,"loc":{"start":{"line":172,"column":13},"end":{"line":172,"column":28}}}},"statementMap":{"1":{"start":{"line":3,"column":0},"end":{"line":3,"column":26}},"2":{"start":{"line":4,"column":0},"end":{"line":4,"column":62}},"3":{"start":{"line":5,"column":0},"end":{"line":5,"column":26}},"4":{"start":{"line":7,"column":0},"end":{"line":7,"column":38}},"5":{"start":{"line":9,"column":0},"end":{"line":9,"column":53}},"6":{"start":{"line":11,"column":0},"end":{"line":11,"column":23}},"7":{"start":{"line":13,"column":0},"end":{"line":13,"column":30}},"8":{"start":{"line":15,"column":0},"end":{"line":15,"column":45}},"9":{"start":{"line":17,"column":0},"end":{"line":17,"column":95}},"10":{"start":{"line":17,"column":39},"end":{"line":17,"column":93}},"11":{"start":{"line":19,"column":0},"end":{"line":19,"column":125}},"12":{"start":{"line":21,"column":0},"end":{"line":21,"column":42}},"13":{"start":{"line":23,"column":0},"end":{"line":23,"column":128}},"14":{"start":{"line":25,"column":0},"end":{"line":31,"column":1}},"15":{"start":{"line":26,"column":2},"end":{"line":26,"column":132}},"16":{"start":{"line":28,"column":2},"end":{"line":28,"column":140}},"17":{"start":{"line":30,"column":2},"end":{"line":30,"column":16}},"18":{"start":{"line":33,"column":0},"end":{"line":37,"column":1}},"19":{"start":{"line":34,"column":2},"end":{"line":36,"column":5}},"20":{"start":{"line":34,"column":45},"end":{"line":36,"column":5}},"21":{"start":{"line":35,"column":4},"end":{"line":35,"column":106}},"22":{"start":{"line":39,"column":0},"end":{"line":39,"column":53}},"23":{"start":{"line":41,"column":0},"end":{"line":79,"column":1}},"24":{"start":{"line":42,"column":2},"end":{"line":53,"column":31}},"25":{"start":{"line":46,"column":4},"end":{"line":46,"column":15}},"26":{"start":{"line":50,"column":4},"end":{"line":50,"column":16}},"27":{"start":{"line":55,"column":2},"end":{"line":55,"column":111}},"28":{"start":{"line":56,"column":2},"end":{"line":56,"column":108}},"29":{"start":{"line":58,"column":2},"end":{"line":58,"column":49}},"30":{"start":{"line":60,"column":2},"end":{"line":62,"column":4}},"31":{"start":{"line":61,"column":4},"end":{"line":61,"column":27}},"32":{"start":{"line":64,"column":2},"end":{"line":78,"column":4}},"33":{"start":{"line":71,"column":6},"end":{"line":71,"column":58}},"34":{"start":{"line":74,"column":6},"end":{"line":74,"column":61}},"35":{"start":{"line":75,"column":6},"end":{"line":75,"column":150}},"36":{"start":{"line":76,"column":6},"end":{"line":76,"column":20}},"37":{"start":{"line":81,"column":0},"end":{"line":81,"column":30}},"38":{"start":{"line":82,"column":0},"end":{"line":82,"column":53}},"39":{"start":{"line":84,"column":0},"end":{"line":103,"column":1}},"40":{"start":{"line":85,"column":2},"end":{"line":85,"column":112}},"41":{"start":{"line":86,"column":2},"end":{"line":86,"column":110}},"42":{"start":{"line":87,"column":2},"end":{"line":87,"column":122}},"43":{"start":{"line":88,"column":2},"end":{"line":88,"column":52}},"44":{"start":{"line":90,"column":2},"end":{"line":102,"column":4}},"45":{"start":{"line":95,"column":6},"end":{"line":95,"column":61}},"46":{"start":{"line":98,"column":6},"end":{"line":98,"column":57}},"47":{"start":{"line":99,"column":6},"end":{"line":99,"column":176}},"48":{"start":{"line":100,"column":6},"end":{"line":100,"column":20}},"49":{"start":{"line":105,"column":0},"end":{"line":134,"column":2}},"50":{"start":{"line":107,"column":4},"end":{"line":107,"column":26}},"51":{"start":{"line":109,"column":4},"end":{"line":109,"column":95}},"52":{"start":{"line":112,"column":4},"end":{"line":112,"column":51}}
[...]
 (typeof moment !== 'function') throw new TypeError('You must provide a valid moment object');","","  var localField = typeof moment().locale === 'function' ? 'locale' : 'lang',","      hasLocaleData = !!moment.localeData;","","  if (!hasLocaleData) throw new TypeError('The Moment localizer depends on the `localeData` api, please provide a moment object v2.2.0 or higher');","","  function getMoment(culture, value, format) {","    return culture ? moment(value, format)[localField](culture) : moment(value, format);","  }","","  function endOfDecade(date) {","    return moment(date).add(10, 'year').add(-1, 'millisecond').toDate();","  }","","  function endOfCentury(date) {","    return moment(date).add(100, 'year').add(-1, 'millisecond').toDate();","  }","","  var localizer = {","    formats: {","      date: 'L',","      time: 'LT',","      default: 'lll',","      header: 'MMMM YYYY',","      footer: 'LL',","      weekday: 'dd',","      dayOfMonth: 'DD',","      month: 'MMM',","      year: 'YYYY',","","      decade: function decade(date, culture, localizer) {","        return localizer.format(date, 'YYYY', culture) + ' - ' + localizer.format(endOfDecade(date), 'YYYY', culture);","      },","      century: function century(date, culture, localizer) {","        return localizer.format(date, 'YYYY', culture) + ' - ' + localizer.format(endOfCentury(date), 'YYYY', culture);","      }","    },","","    firstOfWeek: function firstOfWeek(culture) {","      return moment.localeData(culture).firstDayOfWeek();","    },","    parse: function parse(value, format, culture) {","      if (!value) return null;","      var m = getMoment(culture, value, format);","      if (m.isValid()) return m.toDate();","      return null;","    },","    format: function format(value, _format, culture) {","      return getMoment(culture, value).format(_format);","    }","  };","","  _configure2.default.setDateLocalizer(localizer);","","  return localizer;","};","","var _configure = require('../configure');","","var _configure2 = _interopRequireDefault(_configure);","","function _interopRequireDefault(obj) { return obj && obj.__esModule ? obj : { default: obj }; }","","module.exports = exports['default'];"],"l":{"3":1,"5":1,"6":0,"8":0,"11":0,"13":1,"14":0,"17":1,"18":0,"21":1,"22":0,"25":0,"38":0,"41":0,"46":0,"49":0,"50":0,"51":0,"52":0,"55":0,"59":0,"61":0,"64":1,"66":1,"68":1,"70":1}},"/home/travis/build/npmtest/node-npmtest-react-widgets/node_modules/react-widgets/lib/localizers/simple-number.js":{"path":"/home/travis/build/npmtest/node-npmtest-react-widgets/node_modules/react-widgets/lib/localizers/simple-number.js","s":{"1":1,"2":1,"3":0,"4":0,"5":0,"6":0,"7":0,"8":0,"9":1,"10":1,"11":1,"12":1,"13":1,"14":1,"15":1,"16":1,"17":3,"18":1,"19":1,"20":0,"21":0,"22":0,"23":0,"24":0,"25":0,"26":0,"27":0,"28":0,"29":0,"30":0,"31":0,"32":0,"33":0,"34":0,"35":0,"36":0,"37":0,"38":0,"39":0,"40":0,"41":0,"42":0,"43":0,"44":1},"b":{"1":[1,0],"2":[0,0],"3":[0,3],"4":[3,3],"5":[0,0],"6":[0,0,0,0],"7":[0,0],"8":[0,0],"9":[0,0],"10":[0,0],"11":[0,0],"12":[0,0,0],"13":[0,0]},"f":{"1":0,"2":3,"3":0,"4":0,"5":0,"6":0,"7":0},"fnMap":{"1":{"name":"(anonymous_1)","line":5,"loc":{"start":{"line":5,"column":32},"end":{"line":5,"column":50}}},"2":{"name":"_interopRequireDefault","line":21,"loc":{"start":{"line":21,"column":0},"end":{"line":21,"column":37}}},"3":{"name":"simpleNumber","line":28,"loc":{"start":{"line":28,"column":0},"end":{"line":28,"column":31}}},"4":{"name":"parse","line":39,"loc":{"start":{"line":39,"column":11},"end":{"line":39,"column":50}}},"5":{"name":"format","line":62,"loc":{"start":{"line":62,"column":12},"end":{"line":62,"column":44}}},"6":{"name":"decimalChar","line":65,"loc":{"start":{"line":65,"column":17},"end":{"line":65,"column":46}}},"7":{"name":"precision","line":68,"loc":{"start":{"line":68,"column":15},"end":{"line":68,"column":42}}}},"statementMap":{"1":{"start":{"line":3,"column":0},"end":{"line":3,"column":26}},"2":{"start":{"line":5,"column":0},"end":{"line":5,"column":257}},"3":{"start":{"line":5,"column":52},"end":{"line":5,"column":239}},"4":{"start":{"line":5,"column":97},"end":{"line":5,"column":123}},"5":{"start":{"line":5,"column":124},"end":{"line":5,"column":237}},"6":{"start":{"line":5,"column":150},"end":{"line":5,"column":235}},"7":{"start":{"line":5,"column":207},"end":{"line":5,"column":233}},"8":{"start":{"line":5,"column":240},"end":{"line":5,"column":254}},"9":{"start":{"line":7,"column":0},"end":{"line":7,"column":31}},"10":{"start":{"line":9,"column":0},"end":{"line":9,"column":41}},"11":{"start":{"line":11,"column":0},"end":{"line":11,"column":53}},"12":{"start":{"line":13,"column":0},"end":{"line":13,"column":67}},"13":{"start":{"line":15,"column":0},"end":{"line":15,"column":79}},"14":{"start":{"line":17,"column":0},"end":{"line":17,"column":68}},"15":{"start":{"line":19,"column":0},"end":{"line":19,"column":81}},"16":{"start":{"line":21,"column":0},"end":{"line":21,"column":95}},"17":{"start":{"line":21,"column":39},"end":{"line":21,"column":93}},"18":{"start":{"line":23,"column":0},"end":{"line":26,"column":2}},"19":{"start":{"line":28,"column":0},"end":{"line":76,"column":1}},"20":{"start":{"line":29,"column":2},"end":{"line":31,"column":44}},"21":{"start":{"line":33,"column":2},"end":{"line":72,"column":4}},"22":{"start":{"line":40,"column":6},"end":{"line":58,"column":39}},"23":{"start":{"line":41,"column":8},"end":{"line":42,"column":174}},"24":{"start":{"line":44,"column":8},"end":{"line":44,"column":147}},"25":{"start":{"line":46,"column":8},"end":{"line":46,"column":51}},"26":{"start":{"line":48,"column":8},"end":{"line":48,"column":112}},"27":{"start":{"line":48,"column":35},"end":{"line":48,"column":112}},"28":{"start":{"line":50,"column":8},"end":{"line":50,"column":114}},"29":{"start":{"line":50,"column":36},"end":{"line":50,"column":114}},"30":{"start":{"line":52,"column":8},"end":{"line":52,"column":43}},"31":{"start":{"line":52,"column":30},"end":{"line":52,"column":43}},"32":{"start":{"line":54,"column":8},"end":{"line":54,"column":33}},"33":{"start":{"line":55,"column":8},"end":{"line":55,"column":23}},"34":{"start":{"line":57,"column":8},"end":{"line":57,"column":41}},"35":{"start":{"line":57,"column":22},"end":{"line":57,"column":41}},"36":{"start":{"line":58,"column":13},"end":{"line":58,"column":39}},"37":{"start":{"line":60,"column":6},"end":{"line":60,"column":41}},"38":{"start":{"line":63,"column":6},"end":{"line":63,"column":67}},"39":{"start":{"line":66,"column":6},"end":{"line":66,"column":95}},"40":{"start":{"line":69,"column":6},"end":{"line":69,"column":64}},"41":{"start":{"line":70,"column":6},"end":{"line":70,"column":57}},"42":{"start":{"line":74,"column":2},"end":{"line":74,"column":52}},"43":{"start":{"line":75,"column":2},"end":{"line":75,"column":19}},"44":{"start":{"line":77,"column":0},"end":{"line":77,"column":36}}},"branchMap":{"1":{"line":5,"type":"binary-expr","locations":[{"start":{"line":5,"column":15},"end":{"line":5,"column":28}},{"start":{"line":5,"column":32},"end":{"line":5,"column":256}}]},"2":{"line":5,"type":"if","locations":[{"start":{"line":5,"column":150},"end":{"line":5,"column":150}},{"start":{"line":5,"column":150},"end":{"line":5,"column":150}}]},"3":{"line":21,"type":"cond-expr","locations":[{"start":{"line":21,"column":70},"end":{"line":21,"column":73}},{"start":{"line":21,"column":76},"end":{"line":21,"column":92}}]},"4":{"line":21,"type":"binary-expr","locations":[{"start":{"line":21,"column":46},"end":{"line":21,"column":49}},{"start":{"line":21,"column":53},"end":{"line":21,"column":67}}]},"5":{"line":40,"type":"if","locations":[{"start":{"line":40,"column":6},"end":{"line":40,"column":6}},{"start":{"line":40,"column":6},"end":{"line":40,"column":6}}]},"6":{"line":42,"type":"binary-expr","locations":[{"start":{"line":42,"column":23},"end":{"line":42,"column":46}},{"start":{"line":42,"column":50},"end":{"line":42,"column":95}},{"start":{"line":42,"column":99},"end":{"line":42,"column":123}},{"start":{"line":42,"column":127},"end":{"line":42,"column":173}}]},"7":{"line":48,"type":"if","locations":[{"start":{"line":48,"column":8},"end":{"line":48,"column":8}},{"start":{"line":48,"column":8},"end":{"line":48,"column":8}}]},"8":{"line":50,"type":"if","locations":[{"start":{"line":50,"column":8},"end":{"line":50,"column":8}},{"start":{"line":50,"column":8},"end":{"line":50,"column":8}}]},"9":{"line":52,"type":"if","locations":[{"start":{"line":52,"column":8},"end":{"line":52,"column":8}},{"start":{"line":52,"column":8},"end":{"line":52,"column":8}}]},"10":{"line":57,"type":"if","locations":[{"start":{"line":57,"column":8},"end":{"line":57,"column":8}},{"start":{"line":57,"column":8},"end":{"line":57,"column":8}}]},"11":{"line":60,"type":"cond-expr","locations":[{"start":{"line":60,"column":28},"end":{"line":60,"column":32}},{"start":{"line":60,"column":35},"end":{"line":60,"column":40}}]},"12":{"line":66,"type":"binary-expr","locations":[{"start":{"line":66,"column":13},"end":{"line":66,"column":19}},{"start":{"line":66,"column":23},"end":{"line":66,"column":87}},{"start":{"line":66,"column":91},"end":{"line":66,"column":94}}]},"13":{"line":70,"type":"cond-expr","locations":[{"start":{"line":70,"column":36},"end":{"line":70,"column":49}},{"start":{"line":70,"column":52},"end":{"line":70,"column":56}}]}},"code":["'use strict';","","exports.__esModule = true;","","var _extends = Object.assign || function (target) { for (var i = 1; i < arguments.length; i++) { var source = arguments[i]; for (var key in source) { if (Object.prototype.hasOwnProperty.call(source, key)) { target[key] = source[key]; } } } return target; };","","exports.default = simpleNumber;","","var _configure = require('../configure');","","var _configure2 = _interopRequireDefault(_configure);","","var _formatNumberWithString = require('format-number-with-string');","","var _formatNumberWithString2 = _interopRequireDefault(_formatNumberWithString);","","var _deconstructNumberFormat = require('deconstruct-number-format');","","var _deconstructNumberFormat2 = _interopRequireDefault(_deconstructNumberFormat);","","function _interopRequireDefault(obj) { return obj && obj.__esModule ? obj : { default: obj }; }","","var defaults = {","  decimal: '.',","  grouping: ','","};","","function simpleNumber(options) {","  var _defaults$options = _extends({}, defaults, options),","      decimal = _defaults$options.decimal,","      grouping = _defaults$options.grouping;","","  var localizer = {","    formats: {","      default: '-#' + grouping + '##0' + decimal","    },","","    // TODO major bump consistent ordering","    parse: function parse(value, culture, format) {","      if (format) {","        var data = (0, _deconstructNumberFormat2.default)(format),","            negative = data.negativeLeftSymbol && value.indexOf(data.negativeLeftSymbol) !== -1 || data.negativeRightSymbol && value.indexOf(data.negativeRightSymbol) !== -1;","","        value = value.replace(data.negativeLeftSymbol, '').replace(data.negativeRightSymbol, '').replace(data.prefix, '').replace(data.suffix, '');","","        var halves = value.split(data.decimalChar);","","        if (data.integerSeperator) halves[0] = halves[0].replace(new RegExp('\\\\' + data.integerSeperator, 'g'));","","        if (data.decimalsSeparator) halves[1] = halves[1].replace(new RegExp('\\\\' + data.decimalsSeparator, 'g'));","","        if (halves[1] === '') halves.pop();","","        value = halves.join('.');","        value = +value;","","        if (negative) value = -1 * value;","      } else value = parseFloat(value);","","      return isNaN(value) ? null : value;","    },","    format: function format(value, _format) {","      return (0, _formatNumberWithString2.default)(value, _format);","    },","    decimalChar: function decimalChar(format) {","      return format && (0, _deconstructNumberFormat2.default)(format).decimalsSeparator || '.';","    },","    precision: function precision(format) {","      var data = (0, _deconstructNumberFormat2.default)(format);","      return data.maxRight !== -1 ? data.maxRight : null;","    }","  };","","  _configure2.default.setNumberLocalizer(localizer);","  return localizer;","}","module.exports = exports['default'];"],"l":{"3":1,"5":1,"7":1,"9":1,"11":1,"13":1,"15":1,"17":1,"19":1,"21":3,"23":1,"28":1,"29":0,"33":0,"40":0,"41":0,"44":0,"46":0,"48":0,"50":0,"52":0,"54":0,"55":0,"57":0,"58":0,"60":0,"63":0,"66":0,"69":0,"70":0,"74":0,"75":0,"77":1}},"/home/travis/build/npmtest/node-npmtest-react-widgets/node_modules/react-widgets/lib/mixins/DataHelpersMixin.js":{"path":"/home/travis/build/npmtest/node-npmtest-react-widgets/node_modules/react-widgets/lib/mixins/DataHelpersMixin.js","s":{"1":1,"2":1,"3":1,"4":1,"5":1,"6":1,"7":1,"8":1,"9":1,"10":1,"11":1,"12":1,"13":0,"14":0,"15":0,"16":0,"17":0,"18":0,"19":0,"20":1,"21":3,"22":1,"23":0,"24":0,"25":0,"26":0,"27":0,"28":0,"29":1},"b":{"1":[1,0],"2":[1,1],"3":[0,0],"4":[0,0],"5":[0,3],"6":[3,3]},"f":{"1":1,"2":3,"3":0,"4":0,"5":0,"6":0,"7":0,"8":0},"fnMap":{"1":{"name":"_interopRequireWildcard","line":21,"loc":{"start":{"line":21,"column":0},"end":{"line":21,"column":38}}},"2":{"name":"_interopRequireDefault","line":23,"loc":{"start":{"line":23,"column":0},"end":{"line":23,"column":37}}},"3":{"name":"componentWillMount","line":32,"loc":{"start":{"line":32,"column":22},"end":{"line":32,"column":52}}},"4":{"name":"_dataValue","line":35,"loc":{"start":{"line":35,"column":14},"end":{"line":35,"column":40}}},"5":{"name":"_dataText","line":38,"loc":{"start":{"line":38,"column":13},"end":{"line":38,"column":38}}},"6":{"name":"_dataIndexOf","line":41,"loc":{"start":{"line":41,"column":16},"end":{"line":41,"column":50}}},"7":{"name":"_valueMatcher","line":44,"loc":{"start":{"line":44,"column":17},"end":{"line":44,"column":46}}},"8":{"name":"_dataItem","line":47,"loc":{"start":{"line":47,"column":13},"end":{"line":47,"column":44}}}},"statementMap":{"1":{"start":{"line":3,"column":0},"end":{"line":3,"column":26}},"2":{"start":{"line":5,"column":0},"end":{"line":5,"column":30}},"3":{"start":{"line":7,"column":0},"end":{"line":7,"column":45}},"4":{"start":{"line":9,"column":0},"end":{"line":9,"column":34}},"5":{"start":{"line":11,"column":0},"end":{"line":11,"column":49}},"6":{"start":{"line":13,"column":0},"end":{"line":13,"column":46}},"7":{"start":{"line":15,"column":0},"end":{"line":15,"column":53}},"8":{"start":{"line":17,"column":0},"end":{"line":17,"column":50}},"9":{"start":{"line":19,"column":0},"end":{"line":19,"column":56}},"10":{"start":{"line":21,"column":0},"end":{"line":21,"column":269}},"11":{"start":{"line":21,"column":40},"end":{"line":21,"column":267}},"12":{"start":{"line":21,"column":69},"end":{"line":21,"column":80}},"13":{"start":{"line":21,"column":90},"end":{"line":21,"column":106}},"14":{"start":{"line":21,"column":107},"end":{"line":21,"column":228}},"15":{"start":{"line":21,"column":126},"end":{"line":21,"column":226}},"16":{"start":{"line":21,"column":149},"end":{"line":21,"column":224}},"17":{"start":{"line":21,"column":201},"end":{"line":21,"column":224}},"18":{"start":{"line":21,"column":229},"end":{"line":21,"column":250}},"19":{"start":{"line":21,"column":251},"end":{"line":21,"column":265}},"20":{"start":{"line":23,"column":0},"end":{"line":23,"column":95}},"21":{"start":{"line":23,"column":39},"end":{"line":23,"column":93}},"22":{"start":{"line":25,"column":0},"end":{"line":50,"column":2}},"23":{"start":{"line":33,"column":4},"end":{"line":33,"column":109}},"24":{"start":{"line":36,"column":4},"end":{"line":36,"column":62}},"25":{"start":{"line":39,"column":4},"end":{"line":39,"column":60}},"26":{"start":{"line":42,"column":4},"end":{"line":42,"column":70}},"27":{"start":{"line":45,"column":4},"end":{"line":45,"column":65}},"28":{"start":{"line":48,"column":4},"end":{"line":48,"column":67}},"29":{"start":{"line":51,"column":0},"end":{"line":51,"column":36}}},"branchMap":{"1":{"line":21,"type":"if","locations":[{"start":{"line":21,"column":40},"end":{"line":21,"column":40}},{"start":{"line":21,"column":40},"end":{"line":21,"column":40}}]},"2":{"line":21,"type":"binary-expr","locations":[{"start":{"line":21,"column":44},"end":{"line":21,"column":47}},{"start":{"line":21,"column":51},"end":{"line":21,"column":65}}]},"3":{"line":21,"type":"if","locations":[{"start":{"line":21,"column":107},"end":{"line":21,"column":107}},{"start":{"line":21,"column":107},"end":{"line":21,"column":107}}]},"4":{"line":21,"type":"if","locations":[{"start":{"line":21,"column":149},"end":{"line":21,"column":149}},{"start":{"line":21,"column":149},"end":{"line":21,"column":149}}]},"5":{"line":23,"type":"cond-expr","locations":[{"start":{"line":23,"column":70},"end":{"line":23,"column":73}},{"start":{"line":23,"column":76},"end":{"line":23,"column":92}}]},"6":{"line":23,"type":"binary-expr","locations":[{"start":{"line":23,"column":46},"end":{"line":23,"column":49}},{"start":{"line":23,"column":53},"end":{"line":23,"column":67}}]}},"code":["'use strict';","","exports.__esModule = true;","","var _react = require('react');","","var _react2 = _interopRequireDefault(_react);","","var _warning = require('warning');","","var _warning2 = _interopRequireDefault(_warning);","","var _propTypes = require('../util/propTypes');","","var _propTypes2 = _interopRequireDefault(_propTypes);","","var _dataHelpers = require('../util/dataHelpers');","","var dataHelpers = _interopRequireWildcard(_dataHelpers);","","function _interopRequireWildcard(obj) { if (obj && obj.__esModule) { return obj; } else { var newObj = {}; if (obj != null) { for (var key in obj) { if (Object.prototype.hasOwnProperty.call(obj, key)) newObj[key] = obj[key]; } } newObj.default = obj; return newObj; } }","","function _interopRequireDefault(obj) { return obj && obj.__esModule ? obj : { default: obj }; }","","exports.default = {","","  propTypes: {","    valueField: _react2.default.PropTypes.string,","    textField: _propTypes2.default.accessor","  },","","  componentWillMount: function componentWillMount() {","    (0, _warning2.default)(false, '`DataHelpersMixin` is deprecated and will be removed in a later version');","  },","  _dataValue: function _dataValue(item) {","    return dataHelpers.dataValue(item, this.props.valueField);","  },","  _dataText: function _dataText(item) {","    return dataHelpers.dataText(item, this.props.textField);","  },","  _dataIndexOf: function _dataIndexOf(data, item) {","    return dataHelpers.dataIndexOf(data, item, this.props.valueField);","  },","  _valueMatcher: function _valueMatcher(a, b) {","    return dataHelpers.valueMatcher(a, b, this.props.valueField);","  },","  _dataItem: function _dataItem(data, item) {","    return dataHelpers.dataItem(data, item, this.props.valueField);","  }","};","module.exports = exports['default'];"],"l":{"3":1,"5":1,"7":1,"9":1,"11":1,"13":1,"15":1,"17":1,"19":1,"21":1,"23":3,"25":1,"33":0,"36":0,"39":0,"42":0,"45":0,"48":0,"51":1}},"/home/travis/build/npmtest/node-npmtest-react-widgets/node_modules/react-widgets/lib/util/dom/support.js":{"path":"/home/travis/build/npmtest/node-npmtest-react-widgets/node_modules/react-widgets/lib/util/dom/support.js","s":{"1":1,"2":1,"3":1},"b":{"1":[1,0,0]},"f":{},"fnMap":{},"statementMap":{"1":{"start":{"line":3,"column":0},"end":{"line":3,"column":26}},"2":{"start":{"line":4,"column":0},"end":{"line":6,"column":2}},"3":{"start":{"line":7,"column":0},"end":{"line":7,"column":36}}},"branchMap":{"1":{"line":5,"type":"binary-expr","locations":[{"start":{"line":5,"column":7},"end":{"line":5,"column":39}},{"start":{"line":5,"column":43},"end":{"line":5,"column":90}},{"start":{"line":5,"column":94},"end":{"line":5,"column":134}}]}},"code":["'use strict';","","exports.__esModule = true;","exports.default = {","  ios: typeof navigator !== 'undefined' && navigator.userAgent.match(/(iPod|iPhone|iPad)/) && navigator.userAgent.match(/AppleWebKit/)","};","module.exports = exports['default'];"],"l":{"3":1,"4":1,"7":1}}}